<?xml version="1.0" encoding="UTF-8"?>
<!-- Generated by org.testng.reporters.JUnitXMLReporter -->
<testsuite ignored="3" hostname="IN-komehta-W1" failures="5" tests="15" name="BoonSupplyTest" time="198.858" errors="0" timestamp="2019-11-07T18:47:19 IST">
  <testcase classname="boonSupplyTests.BaseConfigurationClass" name="@BeforeMethod DriverInitialization" time="6.101">
    <failure type="org.openqa.selenium.WebDriverException" message="A window size operation failed because the window is not currently available (WARNING: The server did not provide any stacktrace information)
Command duration or timeout: 0 milliseconds
Build info: version: &amp;apos;3.141.59&amp;apos;, revision: &amp;apos;e82be7d358&amp;apos;, time: &amp;apos;2018-11-14T08:17:03&amp;apos;
System info: host: &amp;apos;IN-KOMEHTA-W1&amp;apos;, ip: &amp;apos;192.168.0.101&amp;apos;, os.name: &amp;apos;Windows 10&amp;apos;, os.arch: &amp;apos;amd64&amp;apos;, os.version: &amp;apos;10.0&amp;apos;, java.version: &amp;apos;12.0.2&amp;apos;
Driver info: org.openqa.selenium.edge.EdgeDriver
Capabilities {InPrivate: false, acceptSslCerts: true, applicationCacheEnabled: true, browserName: MicrosoftEdge, browserVersion: 42.17134.1.0, javascriptEnabled: true, locationContextEnabled: true, pageLoadStrategy: normal, platform: WINDOWS, platformName: WINDOWS, platformVersion: 10, takesElementScreenshot: true, takesScreenshot: true, webStorageEnabled: true}
Session ID: A74F3C25-8DDB-4B39-9F7A-A8C1F7ADEA1A">
      <![CDATA[org.openqa.selenium.WebDriverException: A window size operation failed because the window is not currently available (WARNING: The server did not provide any stacktrace information)
Command duration or timeout: 0 milliseconds
Build info: version: '3.141.59', revision: 'e82be7d358', time: '2018-11-14T08:17:03'
System info: host: 'IN-KOMEHTA-W1', ip: '192.168.0.101', os.name: 'Windows 10', os.arch: 'amd64', os.version: '10.0', java.version: '12.0.2'
Driver info: org.openqa.selenium.edge.EdgeDriver
Capabilities {InPrivate: false, acceptSslCerts: true, applicationCacheEnabled: true, browserName: MicrosoftEdge, browserVersion: 42.17134.1.0, javascriptEnabled: true, locationContextEnabled: true, pageLoadStrategy: normal, platform: WINDOWS, platformName: WINDOWS, platformVersion: 10, takesElementScreenshot: true, takesScreenshot: true, webStorageEnabled: true}
Session ID: A74F3C25-8DDB-4B39-9F7A-A8C1F7ADEA1A
at org.openqa.selenium.remote.ErrorHandler.createThrowable(ErrorHandler.java:214)
at org.openqa.selenium.remote.ErrorHandler.throwIfResponseFailed(ErrorHandler.java:166)
at org.openqa.selenium.remote.http.JsonHttpResponseCodec.reconstructValue(JsonHttpResponseCodec.java:40)
at org.openqa.selenium.remote.http.AbstractHttpResponseCodec.decode(AbstractHttpResponseCodec.java:80)
at org.openqa.selenium.remote.http.AbstractHttpResponseCodec.decode(AbstractHttpResponseCodec.java:44)
at org.openqa.selenium.remote.HttpCommandExecutor.execute(HttpCommandExecutor.java:158)
at org.openqa.selenium.remote.service.DriverCommandExecutor.execute(DriverCommandExecutor.java:83)
at org.openqa.selenium.remote.RemoteWebDriver.execute(RemoteWebDriver.java:552)
at org.openqa.selenium.remote.RemoteWebDriver.execute(RemoteWebDriver.java:609)
at org.openqa.selenium.remote.RemoteWebDriver$RemoteWebDriverOptions$RemoteWindow.maximize(RemoteWebDriver.java:837)
at boonSupplyTests.BaseConfigurationClass.DriverInitialization(BaseConfigurationClass.java:83)
at java.base/java.util.ArrayList.forEach(ArrayList.java:1540)
... Removed 36 stack frames]]>
    </failure>
  </testcase> <!-- @BeforeMethod DriverInitialization -->
  <testcase classname="boonSupplyTests.BaseConfigurationClass" name="@AfterMethod teardown" time="-1.57313263914E9">
    <skipped/>
  </testcase> <!-- @AfterMethod teardown -->
  <testcase classname="boonSupplyTests.BaseConfigurationClass" name="@BeforeMethod DriverInitialization" time="-1.573132639142E9">
    <skipped/>
  </testcase> <!-- @BeforeMethod DriverInitialization -->
  <testcase classname="boonSupplyTests.BaseConfigurationClass" name="@AfterMethod teardown" time="-1.573132639147E9">
    <skipped/>
  </testcase> <!-- @AfterMethod teardown -->
  <testcase classname="boonSupplyTests.BaseConfigurationClass" name="@BeforeMethod DriverInitialization" time="-1.573132639154E9">
    <skipped/>
  </testcase> <!-- @BeforeMethod DriverInitialization -->
  <testcase classname="boonSupplyTests.BaseConfigurationClass" name="@AfterMethod teardown" time="-1.573132639164E9">
    <skipped/>
  </testcase> <!-- @AfterMethod teardown -->
  <testcase classname="boonSupplyTests.BaseConfigurationClass" name="@BeforeMethod DriverInitialization" time="-1.573132639168E9">
    <skipped/>
  </testcase> <!-- @BeforeMethod DriverInitialization -->
  <testcase classname="boonSupplyTests.BaseConfigurationClass" name="@AfterMethod teardown" time="-1.573132639175E9">
    <skipped/>
  </testcase> <!-- @AfterMethod teardown -->
  <testcase classname="boonSupplyTests.BaseConfigurationClass" name="@BeforeMethod DriverInitialization" time="-1.573132639178E9">
    <skipped/>
  </testcase> <!-- @BeforeMethod DriverInitialization -->
  <testcase classname="boonSupplyTests.BaseConfigurationClass" name="@AfterMethod teardown" time="-1.573132639186E9">
    <skipped/>
  </testcase> <!-- @AfterMethod teardown -->
  <testcase classname="boonSupplyTests.BaseConfigurationClass" name="@BeforeMethod DriverInitialization" time="-1.573132639187E9">
    <skipped/>
  </testcase> <!-- @BeforeMethod DriverInitialization -->
  <testcase classname="boonSupplyTests.BaseConfigurationClass" name="@AfterMethod teardown" time="-1.573132639192E9">
    <skipped/>
  </testcase> <!-- @AfterMethod teardown -->
  <testcase classname="boonSupplyTests.BaseConfigurationClass" name="@BeforeMethod DriverInitialization" time="-1.573132639193E9">
    <skipped/>
  </testcase> <!-- @BeforeMethod DriverInitialization -->
  <testcase classname="boonSupplyTests.BaseConfigurationClass" name="@AfterMethod teardown" time="-1.573132639202E9">
    <skipped/>
  </testcase> <!-- @AfterMethod teardown -->
  <testcase classname="boonSupplyTests.TestRunner" name="LoginToBoonSupply" time="20.417">
    <failure type="java.lang.AssertionError" message="There is an Exception. Please check the functionality manually.">
      <![CDATA[java.lang.AssertionError: There is an Exception. Please check the functionality manually.
at boonSupplyTests.TestRunner.LoginToBoonSupply(TestRunner.java:79)
at java.base/java.util.ArrayList.forEach(ArrayList.java:1540)
... Removed 28 stack frames]]>
    </failure>
  </testcase> <!-- LoginToBoonSupply -->
  <testcase classname="boonSupplyTests.TestRunner" name="LoginToBoonSupply" time="20.461">
    <failure type="java.lang.AssertionError" message="There is an Exception. Please check the functionality manually.">
      <![CDATA[java.lang.AssertionError: There is an Exception. Please check the functionality manually.
at boonSupplyTests.TestRunner.LoginToBoonSupply(TestRunner.java:79)
at java.base/java.util.ArrayList.forEach(ArrayList.java:1540)
... Removed 28 stack frames]]>
    </failure>
  </testcase> <!-- LoginToBoonSupply -->
  <testcase classname="boonSupplyTests.TestRunner" name="CreateNewAccount" time="20.291">
    <failure type="java.lang.AssertionError" message="There is an Exception. Please check the functionality manually.">
      <![CDATA[java.lang.AssertionError: There is an Exception. Please check the functionality manually.
at boonSupplyTests.TestRunner.CreateNewAccount(TestRunner.java:101)
at java.base/java.util.ArrayList.forEach(ArrayList.java:1540)
... Removed 28 stack frames]]>
    </failure>
  </testcase> <!-- CreateNewAccount -->
  <testcase classname="boonSupplyTests.TestRunner" name="UpdateAccountInformation" time="20.336">
    <failure type="java.lang.AssertionError" message="There is an Exception. Please check the functionality manually.">
      <![CDATA[java.lang.AssertionError: There is an Exception. Please check the functionality manually.
at boonSupplyTests.TestRunner.UpdateAccountInformation(TestRunner.java:125)
at java.base/java.util.ArrayList.forEach(ArrayList.java:1540)
... Removed 28 stack frames]]>
    </failure>
  </testcase> <!-- UpdateAccountInformation -->
  <testcase classname="boonSupplyTests.TestRunner" name="SearchAFundraiser" time="8.948"/>
  <testcase classname="boonSupplyTests.TestRunner" name="SearchAFundraiser" time="8.204"/>
  <testcase classname="boonSupplyTests.TestRunner" name="SearchAFundraiser" time="8.207"/>
  <testcase classname="boonSupplyTests.TestRunner" name="getTheNumberOfFundraiser" time="8.207">
    <failure type="java.lang.AssertionError" message="There is an Exception. Please check the functionality Manually.">
      <![CDATA[java.lang.AssertionError: There is an Exception. Please check the functionality Manually.
at boonSupplyTests.TestRunner.getTheNumberOfFundraiser(TestRunner.java:215)
at java.base/java.util.ArrayList.forEach(ArrayList.java:1540)
... Removed 28 stack frames]]>
    </failure>
  </testcase> <!-- getTheNumberOfFundraiser -->
  <testcase classname="boonSupplyTests.TestRunner" name="getTheNumberOfFundraiser" time="0.0">
    <skipped/>
  </testcase> <!-- getTheNumberOfFundraiser -->
  <testcase classname="boonSupplyTests.TestRunner" name="getTheNumberOfFundraiser" time="0.0">
    <skipped/>
  </testcase> <!-- getTheNumberOfFundraiser -->
  <testcase classname="boonSupplyTests.TestRunner" name="GetFeaturedFundRaisers" time="0.0">
    <skipped/>
  </testcase> <!-- GetFeaturedFundRaisers -->
  <testcase classname="boonSupplyTests.TestRunner" name="AddA25DollarItemInCart" time="0.0">
    <skipped/>
  </testcase> <!-- AddA25DollarItemInCart -->
  <testcase classname="boonSupplyTests.TestRunner" name="AddMultipleItemsInCart" time="0.0">
    <skipped/>
  </testcase> <!-- AddMultipleItemsInCart -->
  <testcase classname="boonSupplyTests.TestRunner" name="ValidateCheckoutPageFeatures" time="0.0">
    <skipped/>
  </testcase> <!-- ValidateCheckoutPageFeatures -->
  <testcase classname="boonSupplyTests.TestRunner" name="GetTrendingItemsforShopping" time="0.0">
    <skipped/>
  </testcase> <!-- GetTrendingItemsforShopping -->
  <testcase classname="boonSupplyTests.TestRunner" name="CloseFundRaiser" time="0.0">
    <ignored/>
  </testcase> <!-- CloseFundRaiser -->
  <testcase classname="boonSupplyTests.TestRunner" name="StartNewFundRaiserWithNewUser" time="0.0">
    <ignored/>
  </testcase> <!-- StartNewFundRaiserWithNewUser -->
  <testcase classname="boonSupplyTests.TestRunner" name="CancelMyAccount" time="0.0">
    <ignored/>
  </testcase> <!-- CancelMyAccount -->
</testsuite> <!-- BoonSupplyTest -->
