<?xml version="1.0" encoding="UTF-8"?>
<testng-results ignored="3" total="18" passed="3" failed="5" skipped="7">
  <reporter-output>
  </reporter-output>
  <suite started-at="2019-11-07T18:44:00 IST" name="BoonSupplySuite" finished-at="2019-11-07T18:47:19 IST" duration-ms="198858">
    <groups>
      <group name="Sanity">
        <method signature="TestRunner.AddA25DollarItemInCart()[pri:10, instance:boonSupplyTests.TestRunner@45018215]" name="AddA25DollarItemInCart" class="boonSupplyTests.TestRunner"/>
        <method signature="TestRunner.AddMultipleItemsInCart()[pri:11, instance:boonSupplyTests.TestRunner@45018215]" name="AddMultipleItemsInCart" class="boonSupplyTests.TestRunner"/>
        <method signature="TestRunner.CreateNewAccount(java.lang.String, java.lang.String, java.lang.String, java.lang.String)[pri:3, instance:boonSupplyTests.TestRunner@45018215]" name="CreateNewAccount" class="boonSupplyTests.TestRunner"/>
        <method signature="TestRunner.GetFeaturedFundRaisers()[pri:9, instance:boonSupplyTests.TestRunner@45018215]" name="GetFeaturedFundRaisers" class="boonSupplyTests.TestRunner"/>
        <method signature="TestRunner.GetTrendingItemsforShopping()[pri:13, instance:boonSupplyTests.TestRunner@45018215]" name="GetTrendingItemsforShopping" class="boonSupplyTests.TestRunner"/>
        <method signature="TestRunner.LoginToBoonSupply(java.lang.String, java.lang.String)[pri:2, instance:boonSupplyTests.TestRunner@45018215]" name="LoginToBoonSupply" class="boonSupplyTests.TestRunner"/>
        <method signature="TestRunner.SearchAFundraiser(java.lang.String)[pri:7, instance:boonSupplyTests.TestRunner@45018215]" name="SearchAFundraiser" class="boonSupplyTests.TestRunner"/>
        <method signature="TestRunner.UpdateAccountInformation(java.lang.String, java.lang.String, java.lang.String, java.lang.String, java.lang.String, java.lang.String)[pri:4, instance:boonSupplyTests.TestRunner@45018215]" name="UpdateAccountInformation" class="boonSupplyTests.TestRunner"/>
        <method signature="TestRunner.getTheNumberOfFundraiser(java.lang.String)[pri:8, instance:boonSupplyTests.TestRunner@45018215]" name="getTheNumberOfFundraiser" class="boonSupplyTests.TestRunner"/>
      </group> <!-- Sanity -->
      <group name="Regression">
        <method signature="TestRunner.AddA25DollarItemInCart()[pri:10, instance:boonSupplyTests.TestRunner@45018215]" name="AddA25DollarItemInCart" class="boonSupplyTests.TestRunner"/>
        <method signature="TestRunner.AddMultipleItemsInCart()[pri:11, instance:boonSupplyTests.TestRunner@45018215]" name="AddMultipleItemsInCart" class="boonSupplyTests.TestRunner"/>
        <method signature="TestRunner.CreateNewAccount(java.lang.String, java.lang.String, java.lang.String, java.lang.String)[pri:3, instance:boonSupplyTests.TestRunner@45018215]" name="CreateNewAccount" class="boonSupplyTests.TestRunner"/>
        <method signature="TestRunner.GetFeaturedFundRaisers()[pri:9, instance:boonSupplyTests.TestRunner@45018215]" name="GetFeaturedFundRaisers" class="boonSupplyTests.TestRunner"/>
        <method signature="TestRunner.GetTrendingItemsforShopping()[pri:13, instance:boonSupplyTests.TestRunner@45018215]" name="GetTrendingItemsforShopping" class="boonSupplyTests.TestRunner"/>
        <method signature="TestRunner.LoginToBoonSupply(java.lang.String, java.lang.String)[pri:2, instance:boonSupplyTests.TestRunner@45018215]" name="LoginToBoonSupply" class="boonSupplyTests.TestRunner"/>
        <method signature="TestRunner.SearchAFundraiser(java.lang.String)[pri:7, instance:boonSupplyTests.TestRunner@45018215]" name="SearchAFundraiser" class="boonSupplyTests.TestRunner"/>
        <method signature="TestRunner.UpdateAccountInformation(java.lang.String, java.lang.String, java.lang.String, java.lang.String, java.lang.String, java.lang.String)[pri:4, instance:boonSupplyTests.TestRunner@45018215]" name="UpdateAccountInformation" class="boonSupplyTests.TestRunner"/>
        <method signature="TestRunner.ValidateCheckoutPageFeatures()[pri:12, instance:boonSupplyTests.TestRunner@45018215]" name="ValidateCheckoutPageFeatures" class="boonSupplyTests.TestRunner"/>
        <method signature="TestRunner.getTheNumberOfFundraiser(java.lang.String)[pri:8, instance:boonSupplyTests.TestRunner@45018215]" name="getTheNumberOfFundraiser" class="boonSupplyTests.TestRunner"/>
      </group> <!-- Regression -->
    </groups>
    <test started-at="2019-11-07T18:44:00 IST" name="BoonSupplyTest" finished-at="2019-11-07T18:47:19 IST" duration-ms="198858">
      <class name="boonSupplyTests.TestRunner">
        <test-method is-config="true" signature="startReport(java.lang.String, java.lang.String, java.lang.String)[pri:0, instance:boonSupplyTests.TestRunner@45018215]" started-at="2019-11-07T18:43:59 IST" name="startReport" finished-at="2019-11-07T18:44:00 IST" duration-ms="382" status="PASS">
          <params>
            <param index="0">
              <value>
                <![CDATA[KovidMehta]]>
              </value>
            </param>
            <param index="1">
              <value>
                <![CDATA[BoonSupply]]>
              </value>
            </param>
            <param index="2">
              <value>
                <![CDATA[Production]]>
              </value>
            </param>
          </params>
          <reporter-output>
          </reporter-output>
        </test-method> <!-- startReport -->
        <test-method is-config="true" signature="DriverInitialization(java.lang.String)[pri:0, instance:boonSupplyTests.TestRunner@45018215]" started-at="2019-11-07T18:44:01 IST" name="DriverInitialization" finished-at="2019-11-07T18:44:12 IST" duration-ms="11357" status="PASS">
          <params>
            <param index="0">
              <value>
                <![CDATA[Edge]]>
              </value>
            </param>
          </params>
          <reporter-output>
          </reporter-output>
        </test-method> <!-- DriverInitialization -->
        <test-method signature="LoginToBoonSupply(java.lang.String, java.lang.String)[pri:2, instance:boonSupplyTests.TestRunner@45018215]" started-at="2019-11-07T18:44:12 IST" name="LoginToBoonSupply" data-provider="LoginToBoonSupplyTestData" finished-at="2019-11-07T18:44:33 IST" duration-ms="20417" status="FAIL">
          <params>
            <param index="0">
              <value>
                <![CDATA[kovidmehta10@gmail.com]]>
              </value>
            </param>
            <param index="1">
              <value>
                <![CDATA[Khardungla@18]]>
              </value>
            </param>
          </params>
          <exception class="java.lang.AssertionError">
            <message>
              <![CDATA[There is an Exception. Please check the functionality manually.]]>
            </message>
            <full-stacktrace>
              <![CDATA[java.lang.AssertionError: There is an Exception. Please check the functionality manually.
at org.testng.Assert.fail(Assert.java:97)
at boonSupplyTests.TestRunner.LoginToBoonSupply(TestRunner.java:79)
at java.base/jdk.internal.reflect.NativeMethodAccessorImpl.invoke0(Native Method)
at java.base/jdk.internal.reflect.NativeMethodAccessorImpl.invoke(NativeMethodAccessorImpl.java:62)
at java.base/jdk.internal.reflect.DelegatingMethodAccessorImpl.invoke(DelegatingMethodAccessorImpl.java:43)
at java.base/java.lang.reflect.Method.invoke(Method.java:567)
at org.testng.internal.MethodInvocationHelper.invokeMethod(MethodInvocationHelper.java:133)
at org.testng.internal.TestInvoker.invokeMethod(TestInvoker.java:584)
at org.testng.internal.TestInvoker.invokeTestMethod(TestInvoker.java:172)
at org.testng.internal.MethodRunner.runInSequence(MethodRunner.java:46)
at org.testng.internal.TestInvoker$MethodInvocationAgent.invoke(TestInvoker.java:804)
at org.testng.internal.TestInvoker.invokeTestMethods(TestInvoker.java:145)
at org.testng.internal.TestMethodWorker.invokeTestMethods(TestMethodWorker.java:146)
at org.testng.internal.TestMethodWorker.run(TestMethodWorker.java:128)
at java.base/java.util.ArrayList.forEach(ArrayList.java:1540)
at org.testng.TestRunner.privateRun(TestRunner.java:770)
at org.testng.TestRunner.run(TestRunner.java:591)
at org.testng.SuiteRunner.runTest(SuiteRunner.java:402)
at org.testng.SuiteRunner.runSequentially(SuiteRunner.java:396)
at org.testng.SuiteRunner.privateRun(SuiteRunner.java:355)
at org.testng.SuiteRunner.run(SuiteRunner.java:304)
at org.testng.SuiteRunnerWorker.runSuite(SuiteRunnerWorker.java:53)
at org.testng.SuiteRunnerWorker.run(SuiteRunnerWorker.java:96)
at org.testng.TestNG.runSuitesSequentially(TestNG.java:1180)
at org.testng.TestNG.runSuitesLocally(TestNG.java:1102)
at org.testng.TestNG.runSuites(TestNG.java:1032)
at org.testng.TestNG.run(TestNG.java:1000)
at org.testng.remote.AbstractRemoteTestNG.run(AbstractRemoteTestNG.java:115)
at org.testng.remote.RemoteTestNG.initAndRun(RemoteTestNG.java:251)
at org.testng.remote.RemoteTestNG.main(RemoteTestNG.java:77)
]]>
            </full-stacktrace>
          </exception> <!-- java.lang.AssertionError -->
          <reporter-output>
          </reporter-output>
        </test-method> <!-- LoginToBoonSupply -->
        <test-method is-config="true" signature="teardown()[pri:0, instance:boonSupplyTests.TestRunner@45018215]" started-at="2019-11-07T18:44:33 IST" name="teardown" finished-at="2019-11-07T18:44:34 IST" duration-ms="1362" status="PASS">
          <reporter-output>
          </reporter-output>
        </test-method> <!-- teardown -->
        <test-method is-config="true" signature="DriverInitialization(java.lang.String)[pri:0, instance:boonSupplyTests.TestRunner@45018215]" started-at="2019-11-07T18:44:34 IST" name="DriverInitialization" finished-at="2019-11-07T18:44:42 IST" duration-ms="8241" status="PASS">
          <params>
            <param index="0">
              <value>
                <![CDATA[Edge]]>
              </value>
            </param>
          </params>
          <reporter-output>
          </reporter-output>
        </test-method> <!-- DriverInitialization -->
        <test-method signature="LoginToBoonSupply(java.lang.String, java.lang.String)[pri:2, instance:boonSupplyTests.TestRunner@45018215]" started-at="2019-11-07T18:44:42 IST" name="LoginToBoonSupply" data-provider="LoginToBoonSupplyTestData" finished-at="2019-11-07T18:45:03 IST" duration-ms="20461" status="FAIL">
          <params>
            <param index="0">
              <value>
                <![CDATA[dwaynewade@getnada.com]]>
              </value>
            </param>
            <param index="1">
              <value>
                <![CDATA[random@124]]>
              </value>
            </param>
          </params>
          <exception class="java.lang.AssertionError">
            <message>
              <![CDATA[There is an Exception. Please check the functionality manually.]]>
            </message>
            <full-stacktrace>
              <![CDATA[java.lang.AssertionError: There is an Exception. Please check the functionality manually.
at org.testng.Assert.fail(Assert.java:97)
at boonSupplyTests.TestRunner.LoginToBoonSupply(TestRunner.java:79)
at java.base/jdk.internal.reflect.NativeMethodAccessorImpl.invoke0(Native Method)
at java.base/jdk.internal.reflect.NativeMethodAccessorImpl.invoke(NativeMethodAccessorImpl.java:62)
at java.base/jdk.internal.reflect.DelegatingMethodAccessorImpl.invoke(DelegatingMethodAccessorImpl.java:43)
at java.base/java.lang.reflect.Method.invoke(Method.java:567)
at org.testng.internal.MethodInvocationHelper.invokeMethod(MethodInvocationHelper.java:133)
at org.testng.internal.TestInvoker.invokeMethod(TestInvoker.java:584)
at org.testng.internal.TestInvoker.invokeTestMethod(TestInvoker.java:172)
at org.testng.internal.MethodRunner.runInSequence(MethodRunner.java:46)
at org.testng.internal.TestInvoker$MethodInvocationAgent.invoke(TestInvoker.java:804)
at org.testng.internal.TestInvoker.invokeTestMethods(TestInvoker.java:145)
at org.testng.internal.TestMethodWorker.invokeTestMethods(TestMethodWorker.java:146)
at org.testng.internal.TestMethodWorker.run(TestMethodWorker.java:128)
at java.base/java.util.ArrayList.forEach(ArrayList.java:1540)
at org.testng.TestRunner.privateRun(TestRunner.java:770)
at org.testng.TestRunner.run(TestRunner.java:591)
at org.testng.SuiteRunner.runTest(SuiteRunner.java:402)
at org.testng.SuiteRunner.runSequentially(SuiteRunner.java:396)
at org.testng.SuiteRunner.privateRun(SuiteRunner.java:355)
at org.testng.SuiteRunner.run(SuiteRunner.java:304)
at org.testng.SuiteRunnerWorker.runSuite(SuiteRunnerWorker.java:53)
at org.testng.SuiteRunnerWorker.run(SuiteRunnerWorker.java:96)
at org.testng.TestNG.runSuitesSequentially(TestNG.java:1180)
at org.testng.TestNG.runSuitesLocally(TestNG.java:1102)
at org.testng.TestNG.runSuites(TestNG.java:1032)
at org.testng.TestNG.run(TestNG.java:1000)
at org.testng.remote.AbstractRemoteTestNG.run(AbstractRemoteTestNG.java:115)
at org.testng.remote.RemoteTestNG.initAndRun(RemoteTestNG.java:251)
at org.testng.remote.RemoteTestNG.main(RemoteTestNG.java:77)
]]>
            </full-stacktrace>
          </exception> <!-- java.lang.AssertionError -->
          <reporter-output>
          </reporter-output>
        </test-method> <!-- LoginToBoonSupply -->
        <test-method is-config="true" signature="teardown()[pri:0, instance:boonSupplyTests.TestRunner@45018215]" started-at="2019-11-07T18:45:03 IST" name="teardown" finished-at="2019-11-07T18:45:04 IST" duration-ms="1443" status="PASS">
          <reporter-output>
          </reporter-output>
        </test-method> <!-- teardown -->
        <test-method is-config="true" signature="DriverInitialization(java.lang.String)[pri:0, instance:boonSupplyTests.TestRunner@45018215]" started-at="2019-11-07T18:45:05 IST" name="DriverInitialization" finished-at="2019-11-07T18:45:12 IST" duration-ms="7604" status="PASS">
          <params>
            <param index="0">
              <value>
                <![CDATA[Edge]]>
              </value>
            </param>
          </params>
          <reporter-output>
          </reporter-output>
        </test-method> <!-- DriverInitialization -->
        <test-method signature="CreateNewAccount(java.lang.String, java.lang.String, java.lang.String, java.lang.String)[pri:3, instance:boonSupplyTests.TestRunner@45018215]" started-at="2019-11-07T18:45:12 IST" name="CreateNewAccount" data-provider="CreateNewAccountTestData" finished-at="2019-11-07T18:45:33 IST" duration-ms="20291" status="FAIL">
          <params>
            <param index="0">
              <value>
                <![CDATA[Kovid]]>
              </value>
            </param>
            <param index="1">
              <value>
                <![CDATA[Mehta]]>
              </value>
            </param>
            <param index="2">
              <value>
                <![CDATA[kovidmehta10@gmail.com]]>
              </value>
            </param>
            <param index="3">
              <value>
                <![CDATA[Khardungla@18]]>
              </value>
            </param>
          </params>
          <exception class="java.lang.AssertionError">
            <message>
              <![CDATA[There is an Exception. Please check the functionality manually.]]>
            </message>
            <full-stacktrace>
              <![CDATA[java.lang.AssertionError: There is an Exception. Please check the functionality manually.
at org.testng.Assert.fail(Assert.java:97)
at boonSupplyTests.TestRunner.CreateNewAccount(TestRunner.java:101)
at java.base/jdk.internal.reflect.NativeMethodAccessorImpl.invoke0(Native Method)
at java.base/jdk.internal.reflect.NativeMethodAccessorImpl.invoke(NativeMethodAccessorImpl.java:62)
at java.base/jdk.internal.reflect.DelegatingMethodAccessorImpl.invoke(DelegatingMethodAccessorImpl.java:43)
at java.base/java.lang.reflect.Method.invoke(Method.java:567)
at org.testng.internal.MethodInvocationHelper.invokeMethod(MethodInvocationHelper.java:133)
at org.testng.internal.TestInvoker.invokeMethod(TestInvoker.java:584)
at org.testng.internal.TestInvoker.invokeTestMethod(TestInvoker.java:172)
at org.testng.internal.MethodRunner.runInSequence(MethodRunner.java:46)
at org.testng.internal.TestInvoker$MethodInvocationAgent.invoke(TestInvoker.java:804)
at org.testng.internal.TestInvoker.invokeTestMethods(TestInvoker.java:145)
at org.testng.internal.TestMethodWorker.invokeTestMethods(TestMethodWorker.java:146)
at org.testng.internal.TestMethodWorker.run(TestMethodWorker.java:128)
at java.base/java.util.ArrayList.forEach(ArrayList.java:1540)
at org.testng.TestRunner.privateRun(TestRunner.java:770)
at org.testng.TestRunner.run(TestRunner.java:591)
at org.testng.SuiteRunner.runTest(SuiteRunner.java:402)
at org.testng.SuiteRunner.runSequentially(SuiteRunner.java:396)
at org.testng.SuiteRunner.privateRun(SuiteRunner.java:355)
at org.testng.SuiteRunner.run(SuiteRunner.java:304)
at org.testng.SuiteRunnerWorker.runSuite(SuiteRunnerWorker.java:53)
at org.testng.SuiteRunnerWorker.run(SuiteRunnerWorker.java:96)
at org.testng.TestNG.runSuitesSequentially(TestNG.java:1180)
at org.testng.TestNG.runSuitesLocally(TestNG.java:1102)
at org.testng.TestNG.runSuites(TestNG.java:1032)
at org.testng.TestNG.run(TestNG.java:1000)
at org.testng.remote.AbstractRemoteTestNG.run(AbstractRemoteTestNG.java:115)
at org.testng.remote.RemoteTestNG.initAndRun(RemoteTestNG.java:251)
at org.testng.remote.RemoteTestNG.main(RemoteTestNG.java:77)
]]>
            </full-stacktrace>
          </exception> <!-- java.lang.AssertionError -->
          <reporter-output>
          </reporter-output>
        </test-method> <!-- CreateNewAccount -->
        <test-method is-config="true" signature="teardown()[pri:0, instance:boonSupplyTests.TestRunner@45018215]" started-at="2019-11-07T18:45:33 IST" name="teardown" finished-at="2019-11-07T18:45:34 IST" duration-ms="1005" status="PASS">
          <reporter-output>
          </reporter-output>
        </test-method> <!-- teardown -->
        <test-method is-config="true" signature="DriverInitialization(java.lang.String)[pri:0, instance:boonSupplyTests.TestRunner@45018215]" started-at="2019-11-07T18:45:34 IST" name="DriverInitialization" finished-at="2019-11-07T18:45:41 IST" duration-ms="6976" status="PASS">
          <params>
            <param index="0">
              <value>
                <![CDATA[Edge]]>
              </value>
            </param>
          </params>
          <reporter-output>
          </reporter-output>
        </test-method> <!-- DriverInitialization -->
        <test-method signature="UpdateAccountInformation(java.lang.String, java.lang.String, java.lang.String, java.lang.String, java.lang.String, java.lang.String)[pri:4, instance:boonSupplyTests.TestRunner@45018215]" started-at="2019-11-07T18:45:41 IST" name="UpdateAccountInformation" data-provider="UpdateAccountInformationTestData" finished-at="2019-11-07T18:46:01 IST" duration-ms="20336" status="FAIL">
          <params>
            <param index="0">
              <value>
                <![CDATA[kovidmehta10@gmail.com]]>
              </value>
            </param>
            <param index="1">
              <value>
                <![CDATA[Khardungla@18]]>
              </value>
            </param>
            <param index="2">
              <value>
                <![CDATA[Saratoga Avenue]]>
              </value>
            </param>
            <param index="3">
              <value>
                <![CDATA[San Jose]]>
              </value>
            </param>
            <param index="4">
              <value>
                <![CDATA[California]]>
              </value>
            </param>
            <param index="5">
              <value>
                <![CDATA[94107]]>
              </value>
            </param>
          </params>
          <exception class="java.lang.AssertionError">
            <message>
              <![CDATA[There is an Exception. Please check the functionality manually.]]>
            </message>
            <full-stacktrace>
              <![CDATA[java.lang.AssertionError: There is an Exception. Please check the functionality manually.
at org.testng.Assert.fail(Assert.java:97)
at boonSupplyTests.TestRunner.UpdateAccountInformation(TestRunner.java:125)
at java.base/jdk.internal.reflect.NativeMethodAccessorImpl.invoke0(Native Method)
at java.base/jdk.internal.reflect.NativeMethodAccessorImpl.invoke(NativeMethodAccessorImpl.java:62)
at java.base/jdk.internal.reflect.DelegatingMethodAccessorImpl.invoke(DelegatingMethodAccessorImpl.java:43)
at java.base/java.lang.reflect.Method.invoke(Method.java:567)
at org.testng.internal.MethodInvocationHelper.invokeMethod(MethodInvocationHelper.java:133)
at org.testng.internal.TestInvoker.invokeMethod(TestInvoker.java:584)
at org.testng.internal.TestInvoker.invokeTestMethod(TestInvoker.java:172)
at org.testng.internal.MethodRunner.runInSequence(MethodRunner.java:46)
at org.testng.internal.TestInvoker$MethodInvocationAgent.invoke(TestInvoker.java:804)
at org.testng.internal.TestInvoker.invokeTestMethods(TestInvoker.java:145)
at org.testng.internal.TestMethodWorker.invokeTestMethods(TestMethodWorker.java:146)
at org.testng.internal.TestMethodWorker.run(TestMethodWorker.java:128)
at java.base/java.util.ArrayList.forEach(ArrayList.java:1540)
at org.testng.TestRunner.privateRun(TestRunner.java:770)
at org.testng.TestRunner.run(TestRunner.java:591)
at org.testng.SuiteRunner.runTest(SuiteRunner.java:402)
at org.testng.SuiteRunner.runSequentially(SuiteRunner.java:396)
at org.testng.SuiteRunner.privateRun(SuiteRunner.java:355)
at org.testng.SuiteRunner.run(SuiteRunner.java:304)
at org.testng.SuiteRunnerWorker.runSuite(SuiteRunnerWorker.java:53)
at org.testng.SuiteRunnerWorker.run(SuiteRunnerWorker.java:96)
at org.testng.TestNG.runSuitesSequentially(TestNG.java:1180)
at org.testng.TestNG.runSuitesLocally(TestNG.java:1102)
at org.testng.TestNG.runSuites(TestNG.java:1032)
at org.testng.TestNG.run(TestNG.java:1000)
at org.testng.remote.AbstractRemoteTestNG.run(AbstractRemoteTestNG.java:115)
at org.testng.remote.RemoteTestNG.initAndRun(RemoteTestNG.java:251)
at org.testng.remote.RemoteTestNG.main(RemoteTestNG.java:77)
]]>
            </full-stacktrace>
          </exception> <!-- java.lang.AssertionError -->
          <reporter-output>
          </reporter-output>
        </test-method> <!-- UpdateAccountInformation -->
        <test-method is-config="true" signature="teardown()[pri:0, instance:boonSupplyTests.TestRunner@45018215]" started-at="2019-11-07T18:46:01 IST" name="teardown" finished-at="2019-11-07T18:46:03 IST" duration-ms="1816" status="PASS">
          <reporter-output>
          </reporter-output>
        </test-method> <!-- teardown -->
        <test-method is-config="true" signature="DriverInitialization(java.lang.String)[pri:0, instance:boonSupplyTests.TestRunner@45018215]" started-at="2019-11-07T18:46:03 IST" name="DriverInitialization" finished-at="2019-11-07T18:46:11 IST" duration-ms="8152" status="PASS">
          <params>
            <param index="0">
              <value>
                <![CDATA[Edge]]>
              </value>
            </param>
          </params>
          <reporter-output>
          </reporter-output>
        </test-method> <!-- DriverInitialization -->
        <test-method signature="SearchAFundraiser(java.lang.String)[pri:7, instance:boonSupplyTests.TestRunner@45018215]" started-at="2019-11-07T18:46:11 IST" name="SearchAFundraiser" data-provider="SearchAFundraiserTestData" finished-at="2019-11-07T18:46:20 IST" duration-ms="8948" status="PASS">
          <params>
            <param index="0">
              <value>
                <![CDATA[Tampa]]>
              </value>
            </param>
          </params>
          <reporter-output>
          </reporter-output>
        </test-method> <!-- SearchAFundraiser -->
        <test-method is-config="true" signature="teardown()[pri:0, instance:boonSupplyTests.TestRunner@45018215]" started-at="2019-11-07T18:46:20 IST" name="teardown" finished-at="2019-11-07T18:46:22 IST" duration-ms="1704" status="PASS">
          <reporter-output>
          </reporter-output>
        </test-method> <!-- teardown -->
        <test-method is-config="true" signature="DriverInitialization(java.lang.String)[pri:0, instance:boonSupplyTests.TestRunner@45018215]" started-at="2019-11-07T18:46:22 IST" name="DriverInitialization" finished-at="2019-11-07T18:46:29 IST" duration-ms="6721" status="PASS">
          <params>
            <param index="0">
              <value>
                <![CDATA[Edge]]>
              </value>
            </param>
          </params>
          <reporter-output>
          </reporter-output>
        </test-method> <!-- DriverInitialization -->
        <test-method signature="SearchAFundraiser(java.lang.String)[pri:7, instance:boonSupplyTests.TestRunner@45018215]" started-at="2019-11-07T18:46:29 IST" name="SearchAFundraiser" data-provider="SearchAFundraiserTestData" finished-at="2019-11-07T18:46:37 IST" duration-ms="8204" status="PASS">
          <params>
            <param index="0">
              <value>
                <![CDATA[Orlando]]>
              </value>
            </param>
          </params>
          <reporter-output>
          </reporter-output>
        </test-method> <!-- SearchAFundraiser -->
        <test-method is-config="true" signature="teardown()[pri:0, instance:boonSupplyTests.TestRunner@45018215]" started-at="2019-11-07T18:46:37 IST" name="teardown" finished-at="2019-11-07T18:46:39 IST" duration-ms="1765" status="PASS">
          <reporter-output>
          </reporter-output>
        </test-method> <!-- teardown -->
        <test-method is-config="true" signature="DriverInitialization(java.lang.String)[pri:0, instance:boonSupplyTests.TestRunner@45018215]" started-at="2019-11-07T18:46:39 IST" name="DriverInitialization" finished-at="2019-11-07T18:46:46 IST" duration-ms="7567" status="PASS">
          <params>
            <param index="0">
              <value>
                <![CDATA[Edge]]>
              </value>
            </param>
          </params>
          <reporter-output>
          </reporter-output>
        </test-method> <!-- DriverInitialization -->
        <test-method signature="SearchAFundraiser(java.lang.String)[pri:7, instance:boonSupplyTests.TestRunner@45018215]" started-at="2019-11-07T18:46:46 IST" name="SearchAFundraiser" data-provider="SearchAFundraiserTestData" finished-at="2019-11-07T18:46:55 IST" duration-ms="8207" status="PASS">
          <params>
            <param index="0">
              <value>
                <![CDATA[New York]]>
              </value>
            </param>
          </params>
          <reporter-output>
          </reporter-output>
        </test-method> <!-- SearchAFundraiser -->
        <test-method is-config="true" signature="teardown()[pri:0, instance:boonSupplyTests.TestRunner@45018215]" started-at="2019-11-07T18:46:55 IST" name="teardown" finished-at="2019-11-07T18:46:56 IST" duration-ms="1391" status="PASS">
          <reporter-output>
          </reporter-output>
        </test-method> <!-- teardown -->
        <test-method is-config="true" signature="DriverInitialization(java.lang.String)[pri:0, instance:boonSupplyTests.TestRunner@45018215]" started-at="2019-11-07T18:46:56 IST" name="DriverInitialization" finished-at="2019-11-07T18:47:03 IST" duration-ms="6961" status="PASS">
          <params>
            <param index="0">
              <value>
                <![CDATA[Edge]]>
              </value>
            </param>
          </params>
          <reporter-output>
          </reporter-output>
        </test-method> <!-- DriverInitialization -->
        <test-method signature="getTheNumberOfFundraiser(java.lang.String)[pri:8, instance:boonSupplyTests.TestRunner@45018215]" started-at="2019-11-07T18:47:03 IST" name="getTheNumberOfFundraiser" data-provider="SearchAFundraiserTestData" finished-at="2019-11-07T18:47:11 IST" duration-ms="8207" status="FAIL">
          <params>
            <param index="0">
              <value>
                <![CDATA[Tampa]]>
              </value>
            </param>
          </params>
          <exception class="java.lang.AssertionError">
            <message>
              <![CDATA[There is an Exception. Please check the functionality Manually.]]>
            </message>
            <full-stacktrace>
              <![CDATA[java.lang.AssertionError: There is an Exception. Please check the functionality Manually.
at org.testng.Assert.fail(Assert.java:97)
at boonSupplyTests.TestRunner.getTheNumberOfFundraiser(TestRunner.java:215)
at java.base/jdk.internal.reflect.NativeMethodAccessorImpl.invoke0(Native Method)
at java.base/jdk.internal.reflect.NativeMethodAccessorImpl.invoke(NativeMethodAccessorImpl.java:62)
at java.base/jdk.internal.reflect.DelegatingMethodAccessorImpl.invoke(DelegatingMethodAccessorImpl.java:43)
at java.base/java.lang.reflect.Method.invoke(Method.java:567)
at org.testng.internal.MethodInvocationHelper.invokeMethod(MethodInvocationHelper.java:133)
at org.testng.internal.TestInvoker.invokeMethod(TestInvoker.java:584)
at org.testng.internal.TestInvoker.invokeTestMethod(TestInvoker.java:172)
at org.testng.internal.MethodRunner.runInSequence(MethodRunner.java:46)
at org.testng.internal.TestInvoker$MethodInvocationAgent.invoke(TestInvoker.java:804)
at org.testng.internal.TestInvoker.invokeTestMethods(TestInvoker.java:145)
at org.testng.internal.TestMethodWorker.invokeTestMethods(TestMethodWorker.java:146)
at org.testng.internal.TestMethodWorker.run(TestMethodWorker.java:128)
at java.base/java.util.ArrayList.forEach(ArrayList.java:1540)
at org.testng.TestRunner.privateRun(TestRunner.java:770)
at org.testng.TestRunner.run(TestRunner.java:591)
at org.testng.SuiteRunner.runTest(SuiteRunner.java:402)
at org.testng.SuiteRunner.runSequentially(SuiteRunner.java:396)
at org.testng.SuiteRunner.privateRun(SuiteRunner.java:355)
at org.testng.SuiteRunner.run(SuiteRunner.java:304)
at org.testng.SuiteRunnerWorker.runSuite(SuiteRunnerWorker.java:53)
at org.testng.SuiteRunnerWorker.run(SuiteRunnerWorker.java:96)
at org.testng.TestNG.runSuitesSequentially(TestNG.java:1180)
at org.testng.TestNG.runSuitesLocally(TestNG.java:1102)
at org.testng.TestNG.runSuites(TestNG.java:1032)
at org.testng.TestNG.run(TestNG.java:1000)
at org.testng.remote.AbstractRemoteTestNG.run(AbstractRemoteTestNG.java:115)
at org.testng.remote.RemoteTestNG.initAndRun(RemoteTestNG.java:251)
at org.testng.remote.RemoteTestNG.main(RemoteTestNG.java:77)
]]>
            </full-stacktrace>
          </exception> <!-- java.lang.AssertionError -->
          <reporter-output>
          </reporter-output>
        </test-method> <!-- getTheNumberOfFundraiser -->
        <test-method is-config="true" signature="teardown()[pri:0, instance:boonSupplyTests.TestRunner@45018215]" started-at="2019-11-07T18:47:11 IST" name="teardown" finished-at="2019-11-07T18:47:13 IST" duration-ms="1252" status="PASS">
          <reporter-output>
          </reporter-output>
        </test-method> <!-- teardown -->
        <test-method is-config="true" signature="DriverInitialization(java.lang.String)[pri:0, instance:boonSupplyTests.TestRunner@45018215]" started-at="2019-11-07T18:47:13 IST" name="DriverInitialization" finished-at="2019-11-07T18:47:19 IST" duration-ms="6101" status="FAIL">
          <params>
            <param index="0">
              <value>
                <![CDATA[Edge]]>
              </value>
            </param>
          </params>
          <exception class="org.openqa.selenium.WebDriverException">
            <message>
              <![CDATA[A window size operation failed because the window is not currently available (WARNING: The server did not provide any stacktrace information)
Command duration or timeout: 0 milliseconds
Build info: version: '3.141.59', revision: 'e82be7d358', time: '2018-11-14T08:17:03'
System info: host: 'IN-KOMEHTA-W1', ip: '192.168.0.101', os.name: 'Windows 10', os.arch: 'amd64', os.version: '10.0', java.version: '12.0.2'
Driver info: org.openqa.selenium.edge.EdgeDriver
Capabilities {InPrivate: false, acceptSslCerts: true, applicationCacheEnabled: true, browserName: MicrosoftEdge, browserVersion: 42.17134.1.0, javascriptEnabled: true, locationContextEnabled: true, pageLoadStrategy: normal, platform: WINDOWS, platformName: WINDOWS, platformVersion: 10, takesElementScreenshot: true, takesScreenshot: true, webStorageEnabled: true}
Session ID: A74F3C25-8DDB-4B39-9F7A-A8C1F7ADEA1A]]>
            </message>
            <full-stacktrace>
              <![CDATA[org.openqa.selenium.WebDriverException: A window size operation failed because the window is not currently available (WARNING: The server did not provide any stacktrace information)
Command duration or timeout: 0 milliseconds
Build info: version: '3.141.59', revision: 'e82be7d358', time: '2018-11-14T08:17:03'
System info: host: 'IN-KOMEHTA-W1', ip: '192.168.0.101', os.name: 'Windows 10', os.arch: 'amd64', os.version: '10.0', java.version: '12.0.2'
Driver info: org.openqa.selenium.edge.EdgeDriver
Capabilities {InPrivate: false, acceptSslCerts: true, applicationCacheEnabled: true, browserName: MicrosoftEdge, browserVersion: 42.17134.1.0, javascriptEnabled: true, locationContextEnabled: true, pageLoadStrategy: normal, platform: WINDOWS, platformName: WINDOWS, platformVersion: 10, takesElementScreenshot: true, takesScreenshot: true, webStorageEnabled: true}
Session ID: A74F3C25-8DDB-4B39-9F7A-A8C1F7ADEA1A
at java.base/jdk.internal.reflect.NativeConstructorAccessorImpl.newInstance0(Native Method)
at java.base/jdk.internal.reflect.NativeConstructorAccessorImpl.newInstance(NativeConstructorAccessorImpl.java:62)
at java.base/jdk.internal.reflect.DelegatingConstructorAccessorImpl.newInstance(DelegatingConstructorAccessorImpl.java:45)
at java.base/java.lang.reflect.Constructor.newInstanceWithCaller(Constructor.java:500)
at java.base/java.lang.reflect.Constructor.newInstance(Constructor.java:481)
at org.openqa.selenium.remote.ErrorHandler.createThrowable(ErrorHandler.java:214)
at org.openqa.selenium.remote.ErrorHandler.throwIfResponseFailed(ErrorHandler.java:166)
at org.openqa.selenium.remote.http.JsonHttpResponseCodec.reconstructValue(JsonHttpResponseCodec.java:40)
at org.openqa.selenium.remote.http.AbstractHttpResponseCodec.decode(AbstractHttpResponseCodec.java:80)
at org.openqa.selenium.remote.http.AbstractHttpResponseCodec.decode(AbstractHttpResponseCodec.java:44)
at org.openqa.selenium.remote.HttpCommandExecutor.execute(HttpCommandExecutor.java:158)
at org.openqa.selenium.remote.service.DriverCommandExecutor.execute(DriverCommandExecutor.java:83)
at org.openqa.selenium.remote.RemoteWebDriver.execute(RemoteWebDriver.java:552)
at org.openqa.selenium.remote.RemoteWebDriver.execute(RemoteWebDriver.java:609)
at org.openqa.selenium.remote.RemoteWebDriver$RemoteWebDriverOptions$RemoteWindow.maximize(RemoteWebDriver.java:837)
at boonSupplyTests.BaseConfigurationClass.DriverInitialization(BaseConfigurationClass.java:83)
at java.base/jdk.internal.reflect.NativeMethodAccessorImpl.invoke0(Native Method)
at java.base/jdk.internal.reflect.NativeMethodAccessorImpl.invoke(NativeMethodAccessorImpl.java:62)
at java.base/jdk.internal.reflect.DelegatingMethodAccessorImpl.invoke(DelegatingMethodAccessorImpl.java:43)
at java.base/java.lang.reflect.Method.invoke(Method.java:567)
at org.testng.internal.MethodInvocationHelper.invokeMethod(MethodInvocationHelper.java:133)
at org.testng.internal.MethodInvocationHelper.invokeMethodConsideringTimeout(MethodInvocationHelper.java:62)
at org.testng.internal.ConfigInvoker.invokeConfigurationMethod(ConfigInvoker.java:340)
at org.testng.internal.ConfigInvoker.invokeConfigurations(ConfigInvoker.java:294)
at org.testng.internal.TestInvoker.runConfigMethods(TestInvoker.java:683)
at org.testng.internal.TestInvoker.invokeMethod(TestInvoker.java:510)
at org.testng.internal.TestInvoker.invokeTestMethod(TestInvoker.java:172)
at org.testng.internal.MethodRunner.runInSequence(MethodRunner.java:46)
at org.testng.internal.TestInvoker$MethodInvocationAgent.invoke(TestInvoker.java:804)
at org.testng.internal.TestInvoker.invokeTestMethods(TestInvoker.java:145)
at org.testng.internal.TestMethodWorker.invokeTestMethods(TestMethodWorker.java:146)
at org.testng.internal.TestMethodWorker.run(TestMethodWorker.java:128)
at java.base/java.util.ArrayList.forEach(ArrayList.java:1540)
at org.testng.TestRunner.privateRun(TestRunner.java:770)
at org.testng.TestRunner.run(TestRunner.java:591)
at org.testng.SuiteRunner.runTest(SuiteRunner.java:402)
at org.testng.SuiteRunner.runSequentially(SuiteRunner.java:396)
at org.testng.SuiteRunner.privateRun(SuiteRunner.java:355)
at org.testng.SuiteRunner.run(SuiteRunner.java:304)
at org.testng.SuiteRunnerWorker.runSuite(SuiteRunnerWorker.java:53)
at org.testng.SuiteRunnerWorker.run(SuiteRunnerWorker.java:96)
at org.testng.TestNG.runSuitesSequentially(TestNG.java:1180)
at org.testng.TestNG.runSuitesLocally(TestNG.java:1102)
at org.testng.TestNG.runSuites(TestNG.java:1032)
at org.testng.TestNG.run(TestNG.java:1000)
at org.testng.remote.AbstractRemoteTestNG.run(AbstractRemoteTestNG.java:115)
at org.testng.remote.RemoteTestNG.initAndRun(RemoteTestNG.java:251)
at org.testng.remote.RemoteTestNG.main(RemoteTestNG.java:77)
]]>
            </full-stacktrace>
          </exception> <!-- org.openqa.selenium.WebDriverException -->
          <reporter-output>
          </reporter-output>
        </test-method> <!-- DriverInitialization -->
        <test-method signature="getTheNumberOfFundraiser(java.lang.String)[pri:8, instance:boonSupplyTests.TestRunner@45018215]" started-at="2019-11-07T18:47:19 IST" name="getTheNumberOfFundraiser" data-provider="SearchAFundraiserTestData" finished-at="2019-11-07T18:47:19 IST" duration-ms="0" status="SKIP">
          <exception class="org.openqa.selenium.WebDriverException">
            <message>
              <![CDATA[A window size operation failed because the window is not currently available (WARNING: The server did not provide any stacktrace information)
Command duration or timeout: 0 milliseconds
Build info: version: '3.141.59', revision: 'e82be7d358', time: '2018-11-14T08:17:03'
System info: host: 'IN-KOMEHTA-W1', ip: '192.168.0.101', os.name: 'Windows 10', os.arch: 'amd64', os.version: '10.0', java.version: '12.0.2'
Driver info: org.openqa.selenium.edge.EdgeDriver
Capabilities {InPrivate: false, acceptSslCerts: true, applicationCacheEnabled: true, browserName: MicrosoftEdge, browserVersion: 42.17134.1.0, javascriptEnabled: true, locationContextEnabled: true, pageLoadStrategy: normal, platform: WINDOWS, platformName: WINDOWS, platformVersion: 10, takesElementScreenshot: true, takesScreenshot: true, webStorageEnabled: true}
Session ID: A74F3C25-8DDB-4B39-9F7A-A8C1F7ADEA1A]]>
            </message>
            <full-stacktrace>
              <![CDATA[org.openqa.selenium.WebDriverException: A window size operation failed because the window is not currently available (WARNING: The server did not provide any stacktrace information)
Command duration or timeout: 0 milliseconds
Build info: version: '3.141.59', revision: 'e82be7d358', time: '2018-11-14T08:17:03'
System info: host: 'IN-KOMEHTA-W1', ip: '192.168.0.101', os.name: 'Windows 10', os.arch: 'amd64', os.version: '10.0', java.version: '12.0.2'
Driver info: org.openqa.selenium.edge.EdgeDriver
Capabilities {InPrivate: false, acceptSslCerts: true, applicationCacheEnabled: true, browserName: MicrosoftEdge, browserVersion: 42.17134.1.0, javascriptEnabled: true, locationContextEnabled: true, pageLoadStrategy: normal, platform: WINDOWS, platformName: WINDOWS, platformVersion: 10, takesElementScreenshot: true, takesScreenshot: true, webStorageEnabled: true}
Session ID: A74F3C25-8DDB-4B39-9F7A-A8C1F7ADEA1A
at java.base/jdk.internal.reflect.NativeConstructorAccessorImpl.newInstance0(Native Method)
at java.base/jdk.internal.reflect.NativeConstructorAccessorImpl.newInstance(NativeConstructorAccessorImpl.java:62)
at java.base/jdk.internal.reflect.DelegatingConstructorAccessorImpl.newInstance(DelegatingConstructorAccessorImpl.java:45)
at java.base/java.lang.reflect.Constructor.newInstanceWithCaller(Constructor.java:500)
at java.base/java.lang.reflect.Constructor.newInstance(Constructor.java:481)
at org.openqa.selenium.remote.ErrorHandler.createThrowable(ErrorHandler.java:214)
at org.openqa.selenium.remote.ErrorHandler.throwIfResponseFailed(ErrorHandler.java:166)
at org.openqa.selenium.remote.http.JsonHttpResponseCodec.reconstructValue(JsonHttpResponseCodec.java:40)
at org.openqa.selenium.remote.http.AbstractHttpResponseCodec.decode(AbstractHttpResponseCodec.java:80)
at org.openqa.selenium.remote.http.AbstractHttpResponseCodec.decode(AbstractHttpResponseCodec.java:44)
at org.openqa.selenium.remote.HttpCommandExecutor.execute(HttpCommandExecutor.java:158)
at org.openqa.selenium.remote.service.DriverCommandExecutor.execute(DriverCommandExecutor.java:83)
at org.openqa.selenium.remote.RemoteWebDriver.execute(RemoteWebDriver.java:552)
at org.openqa.selenium.remote.RemoteWebDriver.execute(RemoteWebDriver.java:609)
at org.openqa.selenium.remote.RemoteWebDriver$RemoteWebDriverOptions$RemoteWindow.maximize(RemoteWebDriver.java:837)
at boonSupplyTests.BaseConfigurationClass.DriverInitialization(BaseConfigurationClass.java:83)
at java.base/jdk.internal.reflect.NativeMethodAccessorImpl.invoke0(Native Method)
at java.base/jdk.internal.reflect.NativeMethodAccessorImpl.invoke(NativeMethodAccessorImpl.java:62)
at java.base/jdk.internal.reflect.DelegatingMethodAccessorImpl.invoke(DelegatingMethodAccessorImpl.java:43)
at java.base/java.lang.reflect.Method.invoke(Method.java:567)
at org.testng.internal.MethodInvocationHelper.invokeMethod(MethodInvocationHelper.java:133)
at org.testng.internal.MethodInvocationHelper.invokeMethodConsideringTimeout(MethodInvocationHelper.java:62)
at org.testng.internal.ConfigInvoker.invokeConfigurationMethod(ConfigInvoker.java:340)
at org.testng.internal.ConfigInvoker.invokeConfigurations(ConfigInvoker.java:294)
at org.testng.internal.TestInvoker.runConfigMethods(TestInvoker.java:683)
at org.testng.internal.TestInvoker.invokeMethod(TestInvoker.java:510)
at org.testng.internal.TestInvoker.invokeTestMethod(TestInvoker.java:172)
at org.testng.internal.MethodRunner.runInSequence(MethodRunner.java:46)
at org.testng.internal.TestInvoker$MethodInvocationAgent.invoke(TestInvoker.java:804)
at org.testng.internal.TestInvoker.invokeTestMethods(TestInvoker.java:145)
at org.testng.internal.TestMethodWorker.invokeTestMethods(TestMethodWorker.java:146)
at org.testng.internal.TestMethodWorker.run(TestMethodWorker.java:128)
at java.base/java.util.ArrayList.forEach(ArrayList.java:1540)
at org.testng.TestRunner.privateRun(TestRunner.java:770)
at org.testng.TestRunner.run(TestRunner.java:591)
at org.testng.SuiteRunner.runTest(SuiteRunner.java:402)
at org.testng.SuiteRunner.runSequentially(SuiteRunner.java:396)
at org.testng.SuiteRunner.privateRun(SuiteRunner.java:355)
at org.testng.SuiteRunner.run(SuiteRunner.java:304)
at org.testng.SuiteRunnerWorker.runSuite(SuiteRunnerWorker.java:53)
at org.testng.SuiteRunnerWorker.run(SuiteRunnerWorker.java:96)
at org.testng.TestNG.runSuitesSequentially(TestNG.java:1180)
at org.testng.TestNG.runSuitesLocally(TestNG.java:1102)
at org.testng.TestNG.runSuites(TestNG.java:1032)
at org.testng.TestNG.run(TestNG.java:1000)
at org.testng.remote.AbstractRemoteTestNG.run(AbstractRemoteTestNG.java:115)
at org.testng.remote.RemoteTestNG.initAndRun(RemoteTestNG.java:251)
at org.testng.remote.RemoteTestNG.main(RemoteTestNG.java:77)
]]>
            </full-stacktrace>
          </exception> <!-- org.openqa.selenium.WebDriverException -->
          <reporter-output>
          </reporter-output>
        </test-method> <!-- getTheNumberOfFundraiser -->
        <test-method is-config="true" signature="teardown()[pri:0, instance:boonSupplyTests.TestRunner@45018215]" started-at="2019-11-07T18:47:19 IST" name="teardown" finished-at="1970-01-01T05:30:00 IST" duration-ms="-1573132639140" status="SKIP">
          <reporter-output>
          </reporter-output>
        </test-method> <!-- teardown -->
        <test-method is-config="true" signature="DriverInitialization(java.lang.String)[pri:0, instance:boonSupplyTests.TestRunner@45018215]" started-at="2019-11-07T18:47:19 IST" name="DriverInitialization" finished-at="1970-01-01T05:30:00 IST" duration-ms="-1573132639142" status="SKIP">
          <reporter-output>
          </reporter-output>
        </test-method> <!-- DriverInitialization -->
        <test-method signature="getTheNumberOfFundraiser(java.lang.String)[pri:8, instance:boonSupplyTests.TestRunner@45018215]" started-at="2019-11-07T18:47:19 IST" name="getTheNumberOfFundraiser" data-provider="SearchAFundraiserTestData" finished-at="2019-11-07T18:47:19 IST" duration-ms="0" status="SKIP">
          <exception class="org.openqa.selenium.WebDriverException">
            <message>
              <![CDATA[A window size operation failed because the window is not currently available (WARNING: The server did not provide any stacktrace information)
Command duration or timeout: 0 milliseconds
Build info: version: '3.141.59', revision: 'e82be7d358', time: '2018-11-14T08:17:03'
System info: host: 'IN-KOMEHTA-W1', ip: '192.168.0.101', os.name: 'Windows 10', os.arch: 'amd64', os.version: '10.0', java.version: '12.0.2'
Driver info: org.openqa.selenium.edge.EdgeDriver
Capabilities {InPrivate: false, acceptSslCerts: true, applicationCacheEnabled: true, browserName: MicrosoftEdge, browserVersion: 42.17134.1.0, javascriptEnabled: true, locationContextEnabled: true, pageLoadStrategy: normal, platform: WINDOWS, platformName: WINDOWS, platformVersion: 10, takesElementScreenshot: true, takesScreenshot: true, webStorageEnabled: true}
Session ID: A74F3C25-8DDB-4B39-9F7A-A8C1F7ADEA1A]]>
            </message>
            <full-stacktrace>
              <![CDATA[org.openqa.selenium.WebDriverException: A window size operation failed because the window is not currently available (WARNING: The server did not provide any stacktrace information)
Command duration or timeout: 0 milliseconds
Build info: version: '3.141.59', revision: 'e82be7d358', time: '2018-11-14T08:17:03'
System info: host: 'IN-KOMEHTA-W1', ip: '192.168.0.101', os.name: 'Windows 10', os.arch: 'amd64', os.version: '10.0', java.version: '12.0.2'
Driver info: org.openqa.selenium.edge.EdgeDriver
Capabilities {InPrivate: false, acceptSslCerts: true, applicationCacheEnabled: true, browserName: MicrosoftEdge, browserVersion: 42.17134.1.0, javascriptEnabled: true, locationContextEnabled: true, pageLoadStrategy: normal, platform: WINDOWS, platformName: WINDOWS, platformVersion: 10, takesElementScreenshot: true, takesScreenshot: true, webStorageEnabled: true}
Session ID: A74F3C25-8DDB-4B39-9F7A-A8C1F7ADEA1A
at java.base/jdk.internal.reflect.NativeConstructorAccessorImpl.newInstance0(Native Method)
at java.base/jdk.internal.reflect.NativeConstructorAccessorImpl.newInstance(NativeConstructorAccessorImpl.java:62)
at java.base/jdk.internal.reflect.DelegatingConstructorAccessorImpl.newInstance(DelegatingConstructorAccessorImpl.java:45)
at java.base/java.lang.reflect.Constructor.newInstanceWithCaller(Constructor.java:500)
at java.base/java.lang.reflect.Constructor.newInstance(Constructor.java:481)
at org.openqa.selenium.remote.ErrorHandler.createThrowable(ErrorHandler.java:214)
at org.openqa.selenium.remote.ErrorHandler.throwIfResponseFailed(ErrorHandler.java:166)
at org.openqa.selenium.remote.http.JsonHttpResponseCodec.reconstructValue(JsonHttpResponseCodec.java:40)
at org.openqa.selenium.remote.http.AbstractHttpResponseCodec.decode(AbstractHttpResponseCodec.java:80)
at org.openqa.selenium.remote.http.AbstractHttpResponseCodec.decode(AbstractHttpResponseCodec.java:44)
at org.openqa.selenium.remote.HttpCommandExecutor.execute(HttpCommandExecutor.java:158)
at org.openqa.selenium.remote.service.DriverCommandExecutor.execute(DriverCommandExecutor.java:83)
at org.openqa.selenium.remote.RemoteWebDriver.execute(RemoteWebDriver.java:552)
at org.openqa.selenium.remote.RemoteWebDriver.execute(RemoteWebDriver.java:609)
at org.openqa.selenium.remote.RemoteWebDriver$RemoteWebDriverOptions$RemoteWindow.maximize(RemoteWebDriver.java:837)
at boonSupplyTests.BaseConfigurationClass.DriverInitialization(BaseConfigurationClass.java:83)
at java.base/jdk.internal.reflect.NativeMethodAccessorImpl.invoke0(Native Method)
at java.base/jdk.internal.reflect.NativeMethodAccessorImpl.invoke(NativeMethodAccessorImpl.java:62)
at java.base/jdk.internal.reflect.DelegatingMethodAccessorImpl.invoke(DelegatingMethodAccessorImpl.java:43)
at java.base/java.lang.reflect.Method.invoke(Method.java:567)
at org.testng.internal.MethodInvocationHelper.invokeMethod(MethodInvocationHelper.java:133)
at org.testng.internal.MethodInvocationHelper.invokeMethodConsideringTimeout(MethodInvocationHelper.java:62)
at org.testng.internal.ConfigInvoker.invokeConfigurationMethod(ConfigInvoker.java:340)
at org.testng.internal.ConfigInvoker.invokeConfigurations(ConfigInvoker.java:294)
at org.testng.internal.TestInvoker.runConfigMethods(TestInvoker.java:683)
at org.testng.internal.TestInvoker.invokeMethod(TestInvoker.java:510)
at org.testng.internal.TestInvoker.invokeTestMethod(TestInvoker.java:172)
at org.testng.internal.MethodRunner.runInSequence(MethodRunner.java:46)
at org.testng.internal.TestInvoker$MethodInvocationAgent.invoke(TestInvoker.java:804)
at org.testng.internal.TestInvoker.invokeTestMethods(TestInvoker.java:145)
at org.testng.internal.TestMethodWorker.invokeTestMethods(TestMethodWorker.java:146)
at org.testng.internal.TestMethodWorker.run(TestMethodWorker.java:128)
at java.base/java.util.ArrayList.forEach(ArrayList.java:1540)
at org.testng.TestRunner.privateRun(TestRunner.java:770)
at org.testng.TestRunner.run(TestRunner.java:591)
at org.testng.SuiteRunner.runTest(SuiteRunner.java:402)
at org.testng.SuiteRunner.runSequentially(SuiteRunner.java:396)
at org.testng.SuiteRunner.privateRun(SuiteRunner.java:355)
at org.testng.SuiteRunner.run(SuiteRunner.java:304)
at org.testng.SuiteRunnerWorker.runSuite(SuiteRunnerWorker.java:53)
at org.testng.SuiteRunnerWorker.run(SuiteRunnerWorker.java:96)
at org.testng.TestNG.runSuitesSequentially(TestNG.java:1180)
at org.testng.TestNG.runSuitesLocally(TestNG.java:1102)
at org.testng.TestNG.runSuites(TestNG.java:1032)
at org.testng.TestNG.run(TestNG.java:1000)
at org.testng.remote.AbstractRemoteTestNG.run(AbstractRemoteTestNG.java:115)
at org.testng.remote.RemoteTestNG.initAndRun(RemoteTestNG.java:251)
at org.testng.remote.RemoteTestNG.main(RemoteTestNG.java:77)
]]>
            </full-stacktrace>
          </exception> <!-- org.openqa.selenium.WebDriverException -->
          <reporter-output>
          </reporter-output>
        </test-method> <!-- getTheNumberOfFundraiser -->
        <test-method is-config="true" signature="teardown()[pri:0, instance:boonSupplyTests.TestRunner@45018215]" started-at="2019-11-07T18:47:19 IST" name="teardown" finished-at="1970-01-01T05:30:00 IST" duration-ms="-1573132639147" status="SKIP">
          <reporter-output>
          </reporter-output>
        </test-method> <!-- teardown -->
        <test-method is-config="true" signature="DriverInitialization(java.lang.String)[pri:0, instance:boonSupplyTests.TestRunner@45018215]" started-at="2019-11-07T18:47:19 IST" name="DriverInitialization" finished-at="1970-01-01T05:30:00 IST" duration-ms="-1573132639154" status="SKIP">
          <reporter-output>
          </reporter-output>
        </test-method> <!-- DriverInitialization -->
        <test-method signature="GetFeaturedFundRaisers()[pri:9, instance:boonSupplyTests.TestRunner@45018215]" started-at="2019-11-07T18:47:19 IST" name="GetFeaturedFundRaisers" finished-at="2019-11-07T18:47:19 IST" duration-ms="0" status="SKIP">
          <exception class="org.openqa.selenium.WebDriverException">
            <message>
              <![CDATA[A window size operation failed because the window is not currently available (WARNING: The server did not provide any stacktrace information)
Command duration or timeout: 0 milliseconds
Build info: version: '3.141.59', revision: 'e82be7d358', time: '2018-11-14T08:17:03'
System info: host: 'IN-KOMEHTA-W1', ip: '192.168.0.101', os.name: 'Windows 10', os.arch: 'amd64', os.version: '10.0', java.version: '12.0.2'
Driver info: org.openqa.selenium.edge.EdgeDriver
Capabilities {InPrivate: false, acceptSslCerts: true, applicationCacheEnabled: true, browserName: MicrosoftEdge, browserVersion: 42.17134.1.0, javascriptEnabled: true, locationContextEnabled: true, pageLoadStrategy: normal, platform: WINDOWS, platformName: WINDOWS, platformVersion: 10, takesElementScreenshot: true, takesScreenshot: true, webStorageEnabled: true}
Session ID: A74F3C25-8DDB-4B39-9F7A-A8C1F7ADEA1A]]>
            </message>
            <full-stacktrace>
              <![CDATA[org.openqa.selenium.WebDriverException: A window size operation failed because the window is not currently available (WARNING: The server did not provide any stacktrace information)
Command duration or timeout: 0 milliseconds
Build info: version: '3.141.59', revision: 'e82be7d358', time: '2018-11-14T08:17:03'
System info: host: 'IN-KOMEHTA-W1', ip: '192.168.0.101', os.name: 'Windows 10', os.arch: 'amd64', os.version: '10.0', java.version: '12.0.2'
Driver info: org.openqa.selenium.edge.EdgeDriver
Capabilities {InPrivate: false, acceptSslCerts: true, applicationCacheEnabled: true, browserName: MicrosoftEdge, browserVersion: 42.17134.1.0, javascriptEnabled: true, locationContextEnabled: true, pageLoadStrategy: normal, platform: WINDOWS, platformName: WINDOWS, platformVersion: 10, takesElementScreenshot: true, takesScreenshot: true, webStorageEnabled: true}
Session ID: A74F3C25-8DDB-4B39-9F7A-A8C1F7ADEA1A
at java.base/jdk.internal.reflect.NativeConstructorAccessorImpl.newInstance0(Native Method)
at java.base/jdk.internal.reflect.NativeConstructorAccessorImpl.newInstance(NativeConstructorAccessorImpl.java:62)
at java.base/jdk.internal.reflect.DelegatingConstructorAccessorImpl.newInstance(DelegatingConstructorAccessorImpl.java:45)
at java.base/java.lang.reflect.Constructor.newInstanceWithCaller(Constructor.java:500)
at java.base/java.lang.reflect.Constructor.newInstance(Constructor.java:481)
at org.openqa.selenium.remote.ErrorHandler.createThrowable(ErrorHandler.java:214)
at org.openqa.selenium.remote.ErrorHandler.throwIfResponseFailed(ErrorHandler.java:166)
at org.openqa.selenium.remote.http.JsonHttpResponseCodec.reconstructValue(JsonHttpResponseCodec.java:40)
at org.openqa.selenium.remote.http.AbstractHttpResponseCodec.decode(AbstractHttpResponseCodec.java:80)
at org.openqa.selenium.remote.http.AbstractHttpResponseCodec.decode(AbstractHttpResponseCodec.java:44)
at org.openqa.selenium.remote.HttpCommandExecutor.execute(HttpCommandExecutor.java:158)
at org.openqa.selenium.remote.service.DriverCommandExecutor.execute(DriverCommandExecutor.java:83)
at org.openqa.selenium.remote.RemoteWebDriver.execute(RemoteWebDriver.java:552)
at org.openqa.selenium.remote.RemoteWebDriver.execute(RemoteWebDriver.java:609)
at org.openqa.selenium.remote.RemoteWebDriver$RemoteWebDriverOptions$RemoteWindow.maximize(RemoteWebDriver.java:837)
at boonSupplyTests.BaseConfigurationClass.DriverInitialization(BaseConfigurationClass.java:83)
at java.base/jdk.internal.reflect.NativeMethodAccessorImpl.invoke0(Native Method)
at java.base/jdk.internal.reflect.NativeMethodAccessorImpl.invoke(NativeMethodAccessorImpl.java:62)
at java.base/jdk.internal.reflect.DelegatingMethodAccessorImpl.invoke(DelegatingMethodAccessorImpl.java:43)
at java.base/java.lang.reflect.Method.invoke(Method.java:567)
at org.testng.internal.MethodInvocationHelper.invokeMethod(MethodInvocationHelper.java:133)
at org.testng.internal.MethodInvocationHelper.invokeMethodConsideringTimeout(MethodInvocationHelper.java:62)
at org.testng.internal.ConfigInvoker.invokeConfigurationMethod(ConfigInvoker.java:340)
at org.testng.internal.ConfigInvoker.invokeConfigurations(ConfigInvoker.java:294)
at org.testng.internal.TestInvoker.runConfigMethods(TestInvoker.java:683)
at org.testng.internal.TestInvoker.invokeMethod(TestInvoker.java:510)
at org.testng.internal.TestInvoker.invokeTestMethod(TestInvoker.java:172)
at org.testng.internal.MethodRunner.runInSequence(MethodRunner.java:46)
at org.testng.internal.TestInvoker$MethodInvocationAgent.invoke(TestInvoker.java:804)
at org.testng.internal.TestInvoker.invokeTestMethods(TestInvoker.java:145)
at org.testng.internal.TestMethodWorker.invokeTestMethods(TestMethodWorker.java:146)
at org.testng.internal.TestMethodWorker.run(TestMethodWorker.java:128)
at java.base/java.util.ArrayList.forEach(ArrayList.java:1540)
at org.testng.TestRunner.privateRun(TestRunner.java:770)
at org.testng.TestRunner.run(TestRunner.java:591)
at org.testng.SuiteRunner.runTest(SuiteRunner.java:402)
at org.testng.SuiteRunner.runSequentially(SuiteRunner.java:396)
at org.testng.SuiteRunner.privateRun(SuiteRunner.java:355)
at org.testng.SuiteRunner.run(SuiteRunner.java:304)
at org.testng.SuiteRunnerWorker.runSuite(SuiteRunnerWorker.java:53)
at org.testng.SuiteRunnerWorker.run(SuiteRunnerWorker.java:96)
at org.testng.TestNG.runSuitesSequentially(TestNG.java:1180)
at org.testng.TestNG.runSuitesLocally(TestNG.java:1102)
at org.testng.TestNG.runSuites(TestNG.java:1032)
at org.testng.TestNG.run(TestNG.java:1000)
at org.testng.remote.AbstractRemoteTestNG.run(AbstractRemoteTestNG.java:115)
at org.testng.remote.RemoteTestNG.initAndRun(RemoteTestNG.java:251)
at org.testng.remote.RemoteTestNG.main(RemoteTestNG.java:77)
]]>
            </full-stacktrace>
          </exception> <!-- org.openqa.selenium.WebDriverException -->
          <reporter-output>
          </reporter-output>
        </test-method> <!-- GetFeaturedFundRaisers -->
        <test-method is-config="true" signature="teardown()[pri:0, instance:boonSupplyTests.TestRunner@45018215]" started-at="2019-11-07T18:47:19 IST" name="teardown" finished-at="1970-01-01T05:30:00 IST" duration-ms="-1573132639164" status="SKIP">
          <reporter-output>
          </reporter-output>
        </test-method> <!-- teardown -->
        <test-method is-config="true" signature="DriverInitialization(java.lang.String)[pri:0, instance:boonSupplyTests.TestRunner@45018215]" started-at="2019-11-07T18:47:19 IST" name="DriverInitialization" finished-at="1970-01-01T05:30:00 IST" duration-ms="-1573132639168" status="SKIP">
          <reporter-output>
          </reporter-output>
        </test-method> <!-- DriverInitialization -->
        <test-method signature="AddA25DollarItemInCart()[pri:10, instance:boonSupplyTests.TestRunner@45018215]" started-at="2019-11-07T18:47:19 IST" name="AddA25DollarItemInCart" finished-at="2019-11-07T18:47:19 IST" duration-ms="0" status="SKIP">
          <exception class="org.openqa.selenium.WebDriverException">
            <message>
              <![CDATA[A window size operation failed because the window is not currently available (WARNING: The server did not provide any stacktrace information)
Command duration or timeout: 0 milliseconds
Build info: version: '3.141.59', revision: 'e82be7d358', time: '2018-11-14T08:17:03'
System info: host: 'IN-KOMEHTA-W1', ip: '192.168.0.101', os.name: 'Windows 10', os.arch: 'amd64', os.version: '10.0', java.version: '12.0.2'
Driver info: org.openqa.selenium.edge.EdgeDriver
Capabilities {InPrivate: false, acceptSslCerts: true, applicationCacheEnabled: true, browserName: MicrosoftEdge, browserVersion: 42.17134.1.0, javascriptEnabled: true, locationContextEnabled: true, pageLoadStrategy: normal, platform: WINDOWS, platformName: WINDOWS, platformVersion: 10, takesElementScreenshot: true, takesScreenshot: true, webStorageEnabled: true}
Session ID: A74F3C25-8DDB-4B39-9F7A-A8C1F7ADEA1A]]>
            </message>
            <full-stacktrace>
              <![CDATA[org.openqa.selenium.WebDriverException: A window size operation failed because the window is not currently available (WARNING: The server did not provide any stacktrace information)
Command duration or timeout: 0 milliseconds
Build info: version: '3.141.59', revision: 'e82be7d358', time: '2018-11-14T08:17:03'
System info: host: 'IN-KOMEHTA-W1', ip: '192.168.0.101', os.name: 'Windows 10', os.arch: 'amd64', os.version: '10.0', java.version: '12.0.2'
Driver info: org.openqa.selenium.edge.EdgeDriver
Capabilities {InPrivate: false, acceptSslCerts: true, applicationCacheEnabled: true, browserName: MicrosoftEdge, browserVersion: 42.17134.1.0, javascriptEnabled: true, locationContextEnabled: true, pageLoadStrategy: normal, platform: WINDOWS, platformName: WINDOWS, platformVersion: 10, takesElementScreenshot: true, takesScreenshot: true, webStorageEnabled: true}
Session ID: A74F3C25-8DDB-4B39-9F7A-A8C1F7ADEA1A
at java.base/jdk.internal.reflect.NativeConstructorAccessorImpl.newInstance0(Native Method)
at java.base/jdk.internal.reflect.NativeConstructorAccessorImpl.newInstance(NativeConstructorAccessorImpl.java:62)
at java.base/jdk.internal.reflect.DelegatingConstructorAccessorImpl.newInstance(DelegatingConstructorAccessorImpl.java:45)
at java.base/java.lang.reflect.Constructor.newInstanceWithCaller(Constructor.java:500)
at java.base/java.lang.reflect.Constructor.newInstance(Constructor.java:481)
at org.openqa.selenium.remote.ErrorHandler.createThrowable(ErrorHandler.java:214)
at org.openqa.selenium.remote.ErrorHandler.throwIfResponseFailed(ErrorHandler.java:166)
at org.openqa.selenium.remote.http.JsonHttpResponseCodec.reconstructValue(JsonHttpResponseCodec.java:40)
at org.openqa.selenium.remote.http.AbstractHttpResponseCodec.decode(AbstractHttpResponseCodec.java:80)
at org.openqa.selenium.remote.http.AbstractHttpResponseCodec.decode(AbstractHttpResponseCodec.java:44)
at org.openqa.selenium.remote.HttpCommandExecutor.execute(HttpCommandExecutor.java:158)
at org.openqa.selenium.remote.service.DriverCommandExecutor.execute(DriverCommandExecutor.java:83)
at org.openqa.selenium.remote.RemoteWebDriver.execute(RemoteWebDriver.java:552)
at org.openqa.selenium.remote.RemoteWebDriver.execute(RemoteWebDriver.java:609)
at org.openqa.selenium.remote.RemoteWebDriver$RemoteWebDriverOptions$RemoteWindow.maximize(RemoteWebDriver.java:837)
at boonSupplyTests.BaseConfigurationClass.DriverInitialization(BaseConfigurationClass.java:83)
at java.base/jdk.internal.reflect.NativeMethodAccessorImpl.invoke0(Native Method)
at java.base/jdk.internal.reflect.NativeMethodAccessorImpl.invoke(NativeMethodAccessorImpl.java:62)
at java.base/jdk.internal.reflect.DelegatingMethodAccessorImpl.invoke(DelegatingMethodAccessorImpl.java:43)
at java.base/java.lang.reflect.Method.invoke(Method.java:567)
at org.testng.internal.MethodInvocationHelper.invokeMethod(MethodInvocationHelper.java:133)
at org.testng.internal.MethodInvocationHelper.invokeMethodConsideringTimeout(MethodInvocationHelper.java:62)
at org.testng.internal.ConfigInvoker.invokeConfigurationMethod(ConfigInvoker.java:340)
at org.testng.internal.ConfigInvoker.invokeConfigurations(ConfigInvoker.java:294)
at org.testng.internal.TestInvoker.runConfigMethods(TestInvoker.java:683)
at org.testng.internal.TestInvoker.invokeMethod(TestInvoker.java:510)
at org.testng.internal.TestInvoker.invokeTestMethod(TestInvoker.java:172)
at org.testng.internal.MethodRunner.runInSequence(MethodRunner.java:46)
at org.testng.internal.TestInvoker$MethodInvocationAgent.invoke(TestInvoker.java:804)
at org.testng.internal.TestInvoker.invokeTestMethods(TestInvoker.java:145)
at org.testng.internal.TestMethodWorker.invokeTestMethods(TestMethodWorker.java:146)
at org.testng.internal.TestMethodWorker.run(TestMethodWorker.java:128)
at java.base/java.util.ArrayList.forEach(ArrayList.java:1540)
at org.testng.TestRunner.privateRun(TestRunner.java:770)
at org.testng.TestRunner.run(TestRunner.java:591)
at org.testng.SuiteRunner.runTest(SuiteRunner.java:402)
at org.testng.SuiteRunner.runSequentially(SuiteRunner.java:396)
at org.testng.SuiteRunner.privateRun(SuiteRunner.java:355)
at org.testng.SuiteRunner.run(SuiteRunner.java:304)
at org.testng.SuiteRunnerWorker.runSuite(SuiteRunnerWorker.java:53)
at org.testng.SuiteRunnerWorker.run(SuiteRunnerWorker.java:96)
at org.testng.TestNG.runSuitesSequentially(TestNG.java:1180)
at org.testng.TestNG.runSuitesLocally(TestNG.java:1102)
at org.testng.TestNG.runSuites(TestNG.java:1032)
at org.testng.TestNG.run(TestNG.java:1000)
at org.testng.remote.AbstractRemoteTestNG.run(AbstractRemoteTestNG.java:115)
at org.testng.remote.RemoteTestNG.initAndRun(RemoteTestNG.java:251)
at org.testng.remote.RemoteTestNG.main(RemoteTestNG.java:77)
]]>
            </full-stacktrace>
          </exception> <!-- org.openqa.selenium.WebDriverException -->
          <reporter-output>
          </reporter-output>
        </test-method> <!-- AddA25DollarItemInCart -->
        <test-method is-config="true" signature="teardown()[pri:0, instance:boonSupplyTests.TestRunner@45018215]" started-at="2019-11-07T18:47:19 IST" name="teardown" finished-at="1970-01-01T05:30:00 IST" duration-ms="-1573132639175" status="SKIP">
          <reporter-output>
          </reporter-output>
        </test-method> <!-- teardown -->
        <test-method is-config="true" signature="DriverInitialization(java.lang.String)[pri:0, instance:boonSupplyTests.TestRunner@45018215]" started-at="2019-11-07T18:47:19 IST" name="DriverInitialization" finished-at="1970-01-01T05:30:00 IST" duration-ms="-1573132639178" status="SKIP">
          <reporter-output>
          </reporter-output>
        </test-method> <!-- DriverInitialization -->
        <test-method signature="AddMultipleItemsInCart()[pri:11, instance:boonSupplyTests.TestRunner@45018215]" started-at="2019-11-07T18:47:19 IST" name="AddMultipleItemsInCart" finished-at="2019-11-07T18:47:19 IST" duration-ms="0" status="SKIP">
          <exception class="org.openqa.selenium.WebDriverException">
            <message>
              <![CDATA[A window size operation failed because the window is not currently available (WARNING: The server did not provide any stacktrace information)
Command duration or timeout: 0 milliseconds
Build info: version: '3.141.59', revision: 'e82be7d358', time: '2018-11-14T08:17:03'
System info: host: 'IN-KOMEHTA-W1', ip: '192.168.0.101', os.name: 'Windows 10', os.arch: 'amd64', os.version: '10.0', java.version: '12.0.2'
Driver info: org.openqa.selenium.edge.EdgeDriver
Capabilities {InPrivate: false, acceptSslCerts: true, applicationCacheEnabled: true, browserName: MicrosoftEdge, browserVersion: 42.17134.1.0, javascriptEnabled: true, locationContextEnabled: true, pageLoadStrategy: normal, platform: WINDOWS, platformName: WINDOWS, platformVersion: 10, takesElementScreenshot: true, takesScreenshot: true, webStorageEnabled: true}
Session ID: A74F3C25-8DDB-4B39-9F7A-A8C1F7ADEA1A]]>
            </message>
            <full-stacktrace>
              <![CDATA[org.openqa.selenium.WebDriverException: A window size operation failed because the window is not currently available (WARNING: The server did not provide any stacktrace information)
Command duration or timeout: 0 milliseconds
Build info: version: '3.141.59', revision: 'e82be7d358', time: '2018-11-14T08:17:03'
System info: host: 'IN-KOMEHTA-W1', ip: '192.168.0.101', os.name: 'Windows 10', os.arch: 'amd64', os.version: '10.0', java.version: '12.0.2'
Driver info: org.openqa.selenium.edge.EdgeDriver
Capabilities {InPrivate: false, acceptSslCerts: true, applicationCacheEnabled: true, browserName: MicrosoftEdge, browserVersion: 42.17134.1.0, javascriptEnabled: true, locationContextEnabled: true, pageLoadStrategy: normal, platform: WINDOWS, platformName: WINDOWS, platformVersion: 10, takesElementScreenshot: true, takesScreenshot: true, webStorageEnabled: true}
Session ID: A74F3C25-8DDB-4B39-9F7A-A8C1F7ADEA1A
at java.base/jdk.internal.reflect.NativeConstructorAccessorImpl.newInstance0(Native Method)
at java.base/jdk.internal.reflect.NativeConstructorAccessorImpl.newInstance(NativeConstructorAccessorImpl.java:62)
at java.base/jdk.internal.reflect.DelegatingConstructorAccessorImpl.newInstance(DelegatingConstructorAccessorImpl.java:45)
at java.base/java.lang.reflect.Constructor.newInstanceWithCaller(Constructor.java:500)
at java.base/java.lang.reflect.Constructor.newInstance(Constructor.java:481)
at org.openqa.selenium.remote.ErrorHandler.createThrowable(ErrorHandler.java:214)
at org.openqa.selenium.remote.ErrorHandler.throwIfResponseFailed(ErrorHandler.java:166)
at org.openqa.selenium.remote.http.JsonHttpResponseCodec.reconstructValue(JsonHttpResponseCodec.java:40)
at org.openqa.selenium.remote.http.AbstractHttpResponseCodec.decode(AbstractHttpResponseCodec.java:80)
at org.openqa.selenium.remote.http.AbstractHttpResponseCodec.decode(AbstractHttpResponseCodec.java:44)
at org.openqa.selenium.remote.HttpCommandExecutor.execute(HttpCommandExecutor.java:158)
at org.openqa.selenium.remote.service.DriverCommandExecutor.execute(DriverCommandExecutor.java:83)
at org.openqa.selenium.remote.RemoteWebDriver.execute(RemoteWebDriver.java:552)
at org.openqa.selenium.remote.RemoteWebDriver.execute(RemoteWebDriver.java:609)
at org.openqa.selenium.remote.RemoteWebDriver$RemoteWebDriverOptions$RemoteWindow.maximize(RemoteWebDriver.java:837)
at boonSupplyTests.BaseConfigurationClass.DriverInitialization(BaseConfigurationClass.java:83)
at java.base/jdk.internal.reflect.NativeMethodAccessorImpl.invoke0(Native Method)
at java.base/jdk.internal.reflect.NativeMethodAccessorImpl.invoke(NativeMethodAccessorImpl.java:62)
at java.base/jdk.internal.reflect.DelegatingMethodAccessorImpl.invoke(DelegatingMethodAccessorImpl.java:43)
at java.base/java.lang.reflect.Method.invoke(Method.java:567)
at org.testng.internal.MethodInvocationHelper.invokeMethod(MethodInvocationHelper.java:133)
at org.testng.internal.MethodInvocationHelper.invokeMethodConsideringTimeout(MethodInvocationHelper.java:62)
at org.testng.internal.ConfigInvoker.invokeConfigurationMethod(ConfigInvoker.java:340)
at org.testng.internal.ConfigInvoker.invokeConfigurations(ConfigInvoker.java:294)
at org.testng.internal.TestInvoker.runConfigMethods(TestInvoker.java:683)
at org.testng.internal.TestInvoker.invokeMethod(TestInvoker.java:510)
at org.testng.internal.TestInvoker.invokeTestMethod(TestInvoker.java:172)
at org.testng.internal.MethodRunner.runInSequence(MethodRunner.java:46)
at org.testng.internal.TestInvoker$MethodInvocationAgent.invoke(TestInvoker.java:804)
at org.testng.internal.TestInvoker.invokeTestMethods(TestInvoker.java:145)
at org.testng.internal.TestMethodWorker.invokeTestMethods(TestMethodWorker.java:146)
at org.testng.internal.TestMethodWorker.run(TestMethodWorker.java:128)
at java.base/java.util.ArrayList.forEach(ArrayList.java:1540)
at org.testng.TestRunner.privateRun(TestRunner.java:770)
at org.testng.TestRunner.run(TestRunner.java:591)
at org.testng.SuiteRunner.runTest(SuiteRunner.java:402)
at org.testng.SuiteRunner.runSequentially(SuiteRunner.java:396)
at org.testng.SuiteRunner.privateRun(SuiteRunner.java:355)
at org.testng.SuiteRunner.run(SuiteRunner.java:304)
at org.testng.SuiteRunnerWorker.runSuite(SuiteRunnerWorker.java:53)
at org.testng.SuiteRunnerWorker.run(SuiteRunnerWorker.java:96)
at org.testng.TestNG.runSuitesSequentially(TestNG.java:1180)
at org.testng.TestNG.runSuitesLocally(TestNG.java:1102)
at org.testng.TestNG.runSuites(TestNG.java:1032)
at org.testng.TestNG.run(TestNG.java:1000)
at org.testng.remote.AbstractRemoteTestNG.run(AbstractRemoteTestNG.java:115)
at org.testng.remote.RemoteTestNG.initAndRun(RemoteTestNG.java:251)
at org.testng.remote.RemoteTestNG.main(RemoteTestNG.java:77)
]]>
            </full-stacktrace>
          </exception> <!-- org.openqa.selenium.WebDriverException -->
          <reporter-output>
          </reporter-output>
        </test-method> <!-- AddMultipleItemsInCart -->
        <test-method is-config="true" signature="teardown()[pri:0, instance:boonSupplyTests.TestRunner@45018215]" started-at="2019-11-07T18:47:19 IST" name="teardown" finished-at="1970-01-01T05:30:00 IST" duration-ms="-1573132639186" status="SKIP">
          <reporter-output>
          </reporter-output>
        </test-method> <!-- teardown -->
        <test-method is-config="true" signature="DriverInitialization(java.lang.String)[pri:0, instance:boonSupplyTests.TestRunner@45018215]" started-at="2019-11-07T18:47:19 IST" name="DriverInitialization" finished-at="1970-01-01T05:30:00 IST" duration-ms="-1573132639187" status="SKIP">
          <reporter-output>
          </reporter-output>
        </test-method> <!-- DriverInitialization -->
        <test-method signature="ValidateCheckoutPageFeatures()[pri:12, instance:boonSupplyTests.TestRunner@45018215]" started-at="2019-11-07T18:47:19 IST" name="ValidateCheckoutPageFeatures" finished-at="2019-11-07T18:47:19 IST" duration-ms="0" status="SKIP">
          <exception class="org.openqa.selenium.WebDriverException">
            <message>
              <![CDATA[A window size operation failed because the window is not currently available (WARNING: The server did not provide any stacktrace information)
Command duration or timeout: 0 milliseconds
Build info: version: '3.141.59', revision: 'e82be7d358', time: '2018-11-14T08:17:03'
System info: host: 'IN-KOMEHTA-W1', ip: '192.168.0.101', os.name: 'Windows 10', os.arch: 'amd64', os.version: '10.0', java.version: '12.0.2'
Driver info: org.openqa.selenium.edge.EdgeDriver
Capabilities {InPrivate: false, acceptSslCerts: true, applicationCacheEnabled: true, browserName: MicrosoftEdge, browserVersion: 42.17134.1.0, javascriptEnabled: true, locationContextEnabled: true, pageLoadStrategy: normal, platform: WINDOWS, platformName: WINDOWS, platformVersion: 10, takesElementScreenshot: true, takesScreenshot: true, webStorageEnabled: true}
Session ID: A74F3C25-8DDB-4B39-9F7A-A8C1F7ADEA1A]]>
            </message>
            <full-stacktrace>
              <![CDATA[org.openqa.selenium.WebDriverException: A window size operation failed because the window is not currently available (WARNING: The server did not provide any stacktrace information)
Command duration or timeout: 0 milliseconds
Build info: version: '3.141.59', revision: 'e82be7d358', time: '2018-11-14T08:17:03'
System info: host: 'IN-KOMEHTA-W1', ip: '192.168.0.101', os.name: 'Windows 10', os.arch: 'amd64', os.version: '10.0', java.version: '12.0.2'
Driver info: org.openqa.selenium.edge.EdgeDriver
Capabilities {InPrivate: false, acceptSslCerts: true, applicationCacheEnabled: true, browserName: MicrosoftEdge, browserVersion: 42.17134.1.0, javascriptEnabled: true, locationContextEnabled: true, pageLoadStrategy: normal, platform: WINDOWS, platformName: WINDOWS, platformVersion: 10, takesElementScreenshot: true, takesScreenshot: true, webStorageEnabled: true}
Session ID: A74F3C25-8DDB-4B39-9F7A-A8C1F7ADEA1A
at java.base/jdk.internal.reflect.NativeConstructorAccessorImpl.newInstance0(Native Method)
at java.base/jdk.internal.reflect.NativeConstructorAccessorImpl.newInstance(NativeConstructorAccessorImpl.java:62)
at java.base/jdk.internal.reflect.DelegatingConstructorAccessorImpl.newInstance(DelegatingConstructorAccessorImpl.java:45)
at java.base/java.lang.reflect.Constructor.newInstanceWithCaller(Constructor.java:500)
at java.base/java.lang.reflect.Constructor.newInstance(Constructor.java:481)
at org.openqa.selenium.remote.ErrorHandler.createThrowable(ErrorHandler.java:214)
at org.openqa.selenium.remote.ErrorHandler.throwIfResponseFailed(ErrorHandler.java:166)
at org.openqa.selenium.remote.http.JsonHttpResponseCodec.reconstructValue(JsonHttpResponseCodec.java:40)
at org.openqa.selenium.remote.http.AbstractHttpResponseCodec.decode(AbstractHttpResponseCodec.java:80)
at org.openqa.selenium.remote.http.AbstractHttpResponseCodec.decode(AbstractHttpResponseCodec.java:44)
at org.openqa.selenium.remote.HttpCommandExecutor.execute(HttpCommandExecutor.java:158)
at org.openqa.selenium.remote.service.DriverCommandExecutor.execute(DriverCommandExecutor.java:83)
at org.openqa.selenium.remote.RemoteWebDriver.execute(RemoteWebDriver.java:552)
at org.openqa.selenium.remote.RemoteWebDriver.execute(RemoteWebDriver.java:609)
at org.openqa.selenium.remote.RemoteWebDriver$RemoteWebDriverOptions$RemoteWindow.maximize(RemoteWebDriver.java:837)
at boonSupplyTests.BaseConfigurationClass.DriverInitialization(BaseConfigurationClass.java:83)
at java.base/jdk.internal.reflect.NativeMethodAccessorImpl.invoke0(Native Method)
at java.base/jdk.internal.reflect.NativeMethodAccessorImpl.invoke(NativeMethodAccessorImpl.java:62)
at java.base/jdk.internal.reflect.DelegatingMethodAccessorImpl.invoke(DelegatingMethodAccessorImpl.java:43)
at java.base/java.lang.reflect.Method.invoke(Method.java:567)
at org.testng.internal.MethodInvocationHelper.invokeMethod(MethodInvocationHelper.java:133)
at org.testng.internal.MethodInvocationHelper.invokeMethodConsideringTimeout(MethodInvocationHelper.java:62)
at org.testng.internal.ConfigInvoker.invokeConfigurationMethod(ConfigInvoker.java:340)
at org.testng.internal.ConfigInvoker.invokeConfigurations(ConfigInvoker.java:294)
at org.testng.internal.TestInvoker.runConfigMethods(TestInvoker.java:683)
at org.testng.internal.TestInvoker.invokeMethod(TestInvoker.java:510)
at org.testng.internal.TestInvoker.invokeTestMethod(TestInvoker.java:172)
at org.testng.internal.MethodRunner.runInSequence(MethodRunner.java:46)
at org.testng.internal.TestInvoker$MethodInvocationAgent.invoke(TestInvoker.java:804)
at org.testng.internal.TestInvoker.invokeTestMethods(TestInvoker.java:145)
at org.testng.internal.TestMethodWorker.invokeTestMethods(TestMethodWorker.java:146)
at org.testng.internal.TestMethodWorker.run(TestMethodWorker.java:128)
at java.base/java.util.ArrayList.forEach(ArrayList.java:1540)
at org.testng.TestRunner.privateRun(TestRunner.java:770)
at org.testng.TestRunner.run(TestRunner.java:591)
at org.testng.SuiteRunner.runTest(SuiteRunner.java:402)
at org.testng.SuiteRunner.runSequentially(SuiteRunner.java:396)
at org.testng.SuiteRunner.privateRun(SuiteRunner.java:355)
at org.testng.SuiteRunner.run(SuiteRunner.java:304)
at org.testng.SuiteRunnerWorker.runSuite(SuiteRunnerWorker.java:53)
at org.testng.SuiteRunnerWorker.run(SuiteRunnerWorker.java:96)
at org.testng.TestNG.runSuitesSequentially(TestNG.java:1180)
at org.testng.TestNG.runSuitesLocally(TestNG.java:1102)
at org.testng.TestNG.runSuites(TestNG.java:1032)
at org.testng.TestNG.run(TestNG.java:1000)
at org.testng.remote.AbstractRemoteTestNG.run(AbstractRemoteTestNG.java:115)
at org.testng.remote.RemoteTestNG.initAndRun(RemoteTestNG.java:251)
at org.testng.remote.RemoteTestNG.main(RemoteTestNG.java:77)
]]>
            </full-stacktrace>
          </exception> <!-- org.openqa.selenium.WebDriverException -->
          <reporter-output>
          </reporter-output>
        </test-method> <!-- ValidateCheckoutPageFeatures -->
        <test-method is-config="true" signature="teardown()[pri:0, instance:boonSupplyTests.TestRunner@45018215]" started-at="2019-11-07T18:47:19 IST" name="teardown" finished-at="1970-01-01T05:30:00 IST" duration-ms="-1573132639192" status="SKIP">
          <reporter-output>
          </reporter-output>
        </test-method> <!-- teardown -->
        <test-method is-config="true" signature="DriverInitialization(java.lang.String)[pri:0, instance:boonSupplyTests.TestRunner@45018215]" started-at="2019-11-07T18:47:19 IST" name="DriverInitialization" finished-at="1970-01-01T05:30:00 IST" duration-ms="-1573132639193" status="SKIP">
          <reporter-output>
          </reporter-output>
        </test-method> <!-- DriverInitialization -->
        <test-method signature="GetTrendingItemsforShopping()[pri:13, instance:boonSupplyTests.TestRunner@45018215]" started-at="2019-11-07T18:47:19 IST" name="GetTrendingItemsforShopping" finished-at="2019-11-07T18:47:19 IST" duration-ms="0" status="SKIP">
          <exception class="org.openqa.selenium.WebDriverException">
            <message>
              <![CDATA[A window size operation failed because the window is not currently available (WARNING: The server did not provide any stacktrace information)
Command duration or timeout: 0 milliseconds
Build info: version: '3.141.59', revision: 'e82be7d358', time: '2018-11-14T08:17:03'
System info: host: 'IN-KOMEHTA-W1', ip: '192.168.0.101', os.name: 'Windows 10', os.arch: 'amd64', os.version: '10.0', java.version: '12.0.2'
Driver info: org.openqa.selenium.edge.EdgeDriver
Capabilities {InPrivate: false, acceptSslCerts: true, applicationCacheEnabled: true, browserName: MicrosoftEdge, browserVersion: 42.17134.1.0, javascriptEnabled: true, locationContextEnabled: true, pageLoadStrategy: normal, platform: WINDOWS, platformName: WINDOWS, platformVersion: 10, takesElementScreenshot: true, takesScreenshot: true, webStorageEnabled: true}
Session ID: A74F3C25-8DDB-4B39-9F7A-A8C1F7ADEA1A]]>
            </message>
            <full-stacktrace>
              <![CDATA[org.openqa.selenium.WebDriverException: A window size operation failed because the window is not currently available (WARNING: The server did not provide any stacktrace information)
Command duration or timeout: 0 milliseconds
Build info: version: '3.141.59', revision: 'e82be7d358', time: '2018-11-14T08:17:03'
System info: host: 'IN-KOMEHTA-W1', ip: '192.168.0.101', os.name: 'Windows 10', os.arch: 'amd64', os.version: '10.0', java.version: '12.0.2'
Driver info: org.openqa.selenium.edge.EdgeDriver
Capabilities {InPrivate: false, acceptSslCerts: true, applicationCacheEnabled: true, browserName: MicrosoftEdge, browserVersion: 42.17134.1.0, javascriptEnabled: true, locationContextEnabled: true, pageLoadStrategy: normal, platform: WINDOWS, platformName: WINDOWS, platformVersion: 10, takesElementScreenshot: true, takesScreenshot: true, webStorageEnabled: true}
Session ID: A74F3C25-8DDB-4B39-9F7A-A8C1F7ADEA1A
at java.base/jdk.internal.reflect.NativeConstructorAccessorImpl.newInstance0(Native Method)
at java.base/jdk.internal.reflect.NativeConstructorAccessorImpl.newInstance(NativeConstructorAccessorImpl.java:62)
at java.base/jdk.internal.reflect.DelegatingConstructorAccessorImpl.newInstance(DelegatingConstructorAccessorImpl.java:45)
at java.base/java.lang.reflect.Constructor.newInstanceWithCaller(Constructor.java:500)
at java.base/java.lang.reflect.Constructor.newInstance(Constructor.java:481)
at org.openqa.selenium.remote.ErrorHandler.createThrowable(ErrorHandler.java:214)
at org.openqa.selenium.remote.ErrorHandler.throwIfResponseFailed(ErrorHandler.java:166)
at org.openqa.selenium.remote.http.JsonHttpResponseCodec.reconstructValue(JsonHttpResponseCodec.java:40)
at org.openqa.selenium.remote.http.AbstractHttpResponseCodec.decode(AbstractHttpResponseCodec.java:80)
at org.openqa.selenium.remote.http.AbstractHttpResponseCodec.decode(AbstractHttpResponseCodec.java:44)
at org.openqa.selenium.remote.HttpCommandExecutor.execute(HttpCommandExecutor.java:158)
at org.openqa.selenium.remote.service.DriverCommandExecutor.execute(DriverCommandExecutor.java:83)
at org.openqa.selenium.remote.RemoteWebDriver.execute(RemoteWebDriver.java:552)
at org.openqa.selenium.remote.RemoteWebDriver.execute(RemoteWebDriver.java:609)
at org.openqa.selenium.remote.RemoteWebDriver$RemoteWebDriverOptions$RemoteWindow.maximize(RemoteWebDriver.java:837)
at boonSupplyTests.BaseConfigurationClass.DriverInitialization(BaseConfigurationClass.java:83)
at java.base/jdk.internal.reflect.NativeMethodAccessorImpl.invoke0(Native Method)
at java.base/jdk.internal.reflect.NativeMethodAccessorImpl.invoke(NativeMethodAccessorImpl.java:62)
at java.base/jdk.internal.reflect.DelegatingMethodAccessorImpl.invoke(DelegatingMethodAccessorImpl.java:43)
at java.base/java.lang.reflect.Method.invoke(Method.java:567)
at org.testng.internal.MethodInvocationHelper.invokeMethod(MethodInvocationHelper.java:133)
at org.testng.internal.MethodInvocationHelper.invokeMethodConsideringTimeout(MethodInvocationHelper.java:62)
at org.testng.internal.ConfigInvoker.invokeConfigurationMethod(ConfigInvoker.java:340)
at org.testng.internal.ConfigInvoker.invokeConfigurations(ConfigInvoker.java:294)
at org.testng.internal.TestInvoker.runConfigMethods(TestInvoker.java:683)
at org.testng.internal.TestInvoker.invokeMethod(TestInvoker.java:510)
at org.testng.internal.TestInvoker.invokeTestMethod(TestInvoker.java:172)
at org.testng.internal.MethodRunner.runInSequence(MethodRunner.java:46)
at org.testng.internal.TestInvoker$MethodInvocationAgent.invoke(TestInvoker.java:804)
at org.testng.internal.TestInvoker.invokeTestMethods(TestInvoker.java:145)
at org.testng.internal.TestMethodWorker.invokeTestMethods(TestMethodWorker.java:146)
at org.testng.internal.TestMethodWorker.run(TestMethodWorker.java:128)
at java.base/java.util.ArrayList.forEach(ArrayList.java:1540)
at org.testng.TestRunner.privateRun(TestRunner.java:770)
at org.testng.TestRunner.run(TestRunner.java:591)
at org.testng.SuiteRunner.runTest(SuiteRunner.java:402)
at org.testng.SuiteRunner.runSequentially(SuiteRunner.java:396)
at org.testng.SuiteRunner.privateRun(SuiteRunner.java:355)
at org.testng.SuiteRunner.run(SuiteRunner.java:304)
at org.testng.SuiteRunnerWorker.runSuite(SuiteRunnerWorker.java:53)
at org.testng.SuiteRunnerWorker.run(SuiteRunnerWorker.java:96)
at org.testng.TestNG.runSuitesSequentially(TestNG.java:1180)
at org.testng.TestNG.runSuitesLocally(TestNG.java:1102)
at org.testng.TestNG.runSuites(TestNG.java:1032)
at org.testng.TestNG.run(TestNG.java:1000)
at org.testng.remote.AbstractRemoteTestNG.run(AbstractRemoteTestNG.java:115)
at org.testng.remote.RemoteTestNG.initAndRun(RemoteTestNG.java:251)
at org.testng.remote.RemoteTestNG.main(RemoteTestNG.java:77)
]]>
            </full-stacktrace>
          </exception> <!-- org.openqa.selenium.WebDriverException -->
          <reporter-output>
          </reporter-output>
        </test-method> <!-- GetTrendingItemsforShopping -->
        <test-method is-config="true" signature="teardown()[pri:0, instance:boonSupplyTests.TestRunner@45018215]" started-at="2019-11-07T18:47:19 IST" name="teardown" finished-at="1970-01-01T05:30:00 IST" duration-ms="-1573132639202" status="SKIP">
          <reporter-output>
          </reporter-output>
        </test-method> <!-- teardown -->
        <test-method is-config="true" signature="endReport()[pri:0, instance:boonSupplyTests.TestRunner@45018215]" started-at="2019-11-07T18:47:19 IST" name="endReport" finished-at="2019-11-07T18:47:20 IST" duration-ms="1020" status="PASS">
          <reporter-output>
          </reporter-output>
        </test-method> <!-- endReport -->
      </class> <!-- boonSupplyTests.TestRunner -->
    </test> <!-- BoonSupplyTest -->
  </suite> <!-- BoonSupplySuite -->
</testng-results>
